2021-10-15 13:50:35  [ main:0 ] - [ INFO ]  Neither @ContextConfiguration nor @ContextHierarchy found for test class [com.sq.base.service.impl.LolServiceImplTest], using SpringBootContextLoader
2021-10-15 13:50:35  [ main:13 ] - [ INFO ]  Could not detect default resource locations for test class [com.sq.base.service.impl.LolServiceImplTest]: no resource found for suffixes {-context.xml, Context.groovy}.
2021-10-15 13:50:35  [ main:15 ] - [ INFO ]  Could not detect default configuration classes for test class [com.sq.base.service.impl.LolServiceImplTest]: LolServiceImplTest does not declare any static, non-private, non-final, nested classes annotated with @Configuration.
2021-10-15 13:50:35  [ main:270 ] - [ INFO ]  Found @SpringBootConfiguration com.sq.base.BaseBootApplication for test class com.sq.base.service.impl.LolServiceImplTest
2021-10-15 13:50:35  [ main:471 ] - [ INFO ]  Loaded default TestExecutionListener class names from location [META-INF/spring.factories]: [org.springframework.boot.test.mock.mockito.MockitoTestExecutionListener, org.springframework.boot.test.mock.mockito.ResetMocksTestExecutionListener, org.springframework.boot.test.autoconfigure.restdocs.RestDocsTestExecutionListener, org.springframework.boot.test.autoconfigure.web.client.MockRestServiceServerResetTestExecutionListener, org.springframework.boot.test.autoconfigure.web.servlet.MockMvcPrintOnlyOnFailureTestExecutionListener, org.springframework.boot.test.autoconfigure.web.servlet.WebDriverTestExecutionListener, org.springframework.boot.test.autoconfigure.webservices.client.MockWebServiceServerTestExecutionListener, org.springframework.test.context.web.ServletTestExecutionListener, org.springframework.test.context.support.DirtiesContextBeforeModesTestExecutionListener, org.springframework.test.context.event.ApplicationEventsTestExecutionListener, org.springframework.test.context.support.DependencyInjectionTestExecutionListener, org.springframework.test.context.support.DirtiesContextTestExecutionListener, org.springframework.test.context.transaction.TransactionalTestExecutionListener, org.springframework.test.context.jdbc.SqlScriptsTestExecutionListener, org.springframework.test.context.event.EventPublishingTestExecutionListener]
2021-10-15 13:50:35  [ main:506 ] - [ INFO ]  Using TestExecutionListeners: [org.springframework.test.context.web.ServletTestExecutionListener@7d3430a7, org.springframework.test.context.support.DirtiesContextBeforeModesTestExecutionListener@6f603e89, org.springframework.test.context.event.ApplicationEventsTestExecutionListener@2756c0a7, org.springframework.boot.test.mock.mockito.MockitoTestExecutionListener@350ec41e, org.springframework.boot.test.autoconfigure.SpringBootDependencyInjectionTestExecutionListener@69637b10, org.springframework.test.context.support.DirtiesContextTestExecutionListener@71984c3, org.springframework.test.context.transaction.TransactionalTestExecutionListener@165b2f7f, org.springframework.test.context.jdbc.SqlScriptsTestExecutionListener@5536379e, org.springframework.test.context.event.EventPublishingTestExecutionListener@277f7dd3, org.springframework.boot.test.mock.mockito.ResetMocksTestExecutionListener@6c8bca63, org.springframework.boot.test.autoconfigure.restdocs.RestDocsTestExecutionListener@2364305a, org.springframework.boot.test.autoconfigure.web.client.MockRestServiceServerResetTestExecutionListener@470a696f, org.springframework.boot.test.autoconfigure.web.servlet.MockMvcPrintOnlyOnFailureTestExecutionListener@1bc715b8, org.springframework.boot.test.autoconfigure.web.servlet.WebDriverTestExecutionListener@292d1c71, org.springframework.boot.test.autoconfigure.webservices.client.MockWebServiceServerTestExecutionListener@2b491fee]
2021-10-15 13:50:36  [ main:1199 ] - [ INFO ]  Starting LolServiceImplTest using Java 1.8.0_131 on DESKTOP-C8EM5CU with PID 5816 (started by 18055 in C:\Users\18055\Desktop\springboot-study\base-boot)
2021-10-15 13:50:36  [ main:1202 ] - [ INFO ]  No active profile set, falling back to default profiles: default
2021-10-15 13:50:38  [ main:3062 ] - [ INFO ]  Multiple Spring Data modules found, entering strict repository configuration mode!
2021-10-15 13:50:38  [ main:3065 ] - [ INFO ]  Bootstrapping Spring Data JPA repositories in DEFAULT mode.
2021-10-15 13:50:38  [ main:3401 ] - [ INFO ]  Finished Spring Data repository scanning in 322 ms. Found 2 JPA repository interfaces.
2021-10-15 13:50:38  [ main:3427 ] - [ INFO ]  Multiple Spring Data modules found, entering strict repository configuration mode!
2021-10-15 13:50:38  [ main:3429 ] - [ INFO ]  Bootstrapping Spring Data Redis repositories in DEFAULT mode.
2021-10-15 13:50:38  [ main:3463 ] - [ INFO ]  Spring Data Redis - Could not safely identify store assignment for repository candidate interface com.sq.base.dao.JobDAO. If you want this repository to be a Redis repository, consider annotating your entities with one of these annotations: org.springframework.data.redis.core.RedisHash (preferred), or consider extending one of the following types with your repository: org.springframework.data.keyvalue.repository.KeyValueRepository.
2021-10-15 13:50:38  [ main:3465 ] - [ INFO ]  Spring Data Redis - Could not safely identify store assignment for repository candidate interface com.sq.base.dao.UserDao. If you want this repository to be a Redis repository, consider annotating your entities with one of these annotations: org.springframework.data.redis.core.RedisHash (preferred), or consider extending one of the following types with your repository: org.springframework.data.keyvalue.repository.KeyValueRepository.
2021-10-15 13:50:38  [ main:3465 ] - [ INFO ]  Finished Spring Data repository scanning in 21 ms. Found 0 Redis repository interfaces.
2021-10-15 13:50:39  [ main:4508 ] - [ INFO ]  Bean 'redisConfiguration' of type [com.sq.base.config.redis.RedisConfiguration$$EnhancerBySpringCGLIB$$b94f2c25] is not eligible for getting processed by all BeanPostProcessors (for example: not eligible for auto-proxying)
2021-10-15 13:50:41  [ main:6345 ] - [ INFO ]  HikariPool-1 - Starting...
2021-10-15 13:50:42  [ main:7098 ] - [ INFO ]  HikariPool-1 - Start completed.
2021-10-15 13:50:43  [ main:8455 ] - [ INFO ]  Initialized JPA EntityManagerFactory for persistence unit 'default'
2021-10-15 13:50:44  [ main:9678 ] - [ INFO ]  Using default implementation for ThreadExecutor
2021-10-15 13:50:44  [ main:9685 ] - [ INFO ]  Job execution threads will use class loader of thread: main
2021-10-15 13:50:44  [ main:9709 ] - [ INFO ]  Initialized Scheduler Signaller of type: class org.quartz.core.SchedulerSignalerImpl
2021-10-15 13:50:44  [ main:9710 ] - [ INFO ]  Quartz Scheduler v.2.3.2 created.
2021-10-15 13:50:44  [ main:9712 ] - [ INFO ]  RAMJobStore initialized.
2021-10-15 13:50:44  [ main:9713 ] - [ INFO ]  Scheduler meta-data: Quartz Scheduler (v2.3.2) 'DefaultQuartzScheduler' with instanceId 'NON_CLUSTERED'
  Scheduler class: 'org.quartz.core.QuartzScheduler' - running locally.
  NOT STARTED.
  Currently in standby mode.
  Number of jobs executed: 0
  Using thread pool 'org.quartz.simpl.SimpleThreadPool' - with 10 threads.
  Using job-store 'org.quartz.simpl.RAMJobStore' - which does not support persistence. and is not clustered.

2021-10-15 13:50:44  [ main:9714 ] - [ INFO ]  Quartz scheduler 'DefaultQuartzScheduler' initialized from default resource file in Quartz package: 'quartz.properties'
2021-10-15 13:50:44  [ main:9715 ] - [ INFO ]  Quartz scheduler version: 2.3.2
2021-10-15 13:50:45  [ main:9894 ] - [ WARN ]  spring.jpa.open-in-view is enabled by default. Therefore, database queries may be performed during view rendering. Explicitly configure spring.jpa.open-in-view to disable this warning
2021-10-15 13:50:45  [ main:10694 ] - [ WARN ]  Exception encountered during context initialization - cancelling refresh attempt: org.springframework.beans.factory.UnsatisfiedDependencyException: Error creating bean with name 'lolServiceImpl': Unsatisfied dependency expressed through field 'restHighLevelClient'; nested exception is org.springframework.beans.factory.BeanCreationException: Error creating bean with name 'restHighLevelClient' defined in class path resource [com/sq/base/config/elasticsearch/ElasticsearchConfig.class]: Bean instantiation via factory method failed; nested exception is org.springframework.beans.BeanInstantiationException: Failed to instantiate [org.elasticsearch.client.RestHighLevelClient]: Factory method 'restHighLevelClient' threw exception; nested exception is java.lang.RuntimeException: 集群节点不允许为空
2021-10-15 13:50:45  [ main:10695 ] - [ INFO ]  Scheduler DefaultQuartzScheduler_$_NON_CLUSTERED shutting down.
2021-10-15 13:50:45  [ main:10696 ] - [ INFO ]  Scheduler DefaultQuartzScheduler_$_NON_CLUSTERED paused.
2021-10-15 13:50:45  [ main:10698 ] - [ INFO ]  Scheduler DefaultQuartzScheduler_$_NON_CLUSTERED shutdown complete.
2021-10-15 13:50:45  [ main:10729 ] - [ INFO ]  Closing JPA EntityManagerFactory for persistence unit 'default'
2021-10-15 13:50:45  [ main:10733 ] - [ INFO ]  HikariPool-1 - Shutdown initiated...
2021-10-15 13:50:46  [ main:10877 ] - [ INFO ]  HikariPool-1 - Shutdown completed.
2021-10-15 13:50:46  [ main:10889 ] - [ INFO ]  

Error starting ApplicationContext. To display the conditions report re-run your application with 'debug' enabled.
2021-10-15 13:50:46  [ main:10918 ] - [ ERROR ]  Application run failed
org.springframework.beans.factory.UnsatisfiedDependencyException: Error creating bean with name 'lolServiceImpl': Unsatisfied dependency expressed through field 'restHighLevelClient'; nested exception is org.springframework.beans.factory.BeanCreationException: Error creating bean with name 'restHighLevelClient' defined in class path resource [com/sq/base/config/elasticsearch/ElasticsearchConfig.class]: Bean instantiation via factory method failed; nested exception is org.springframework.beans.BeanInstantiationException: Failed to instantiate [org.elasticsearch.client.RestHighLevelClient]: Factory method 'restHighLevelClient' threw exception; nested exception is java.lang.RuntimeException: 集群节点不允许为空
	at org.springframework.beans.factory.annotation.AutowiredAnnotationBeanPostProcessor$AutowiredFieldElement.resolveFieldValue(AutowiredAnnotationBeanPostProcessor.java:660)
	at org.springframework.beans.factory.annotation.AutowiredAnnotationBeanPostProcessor$AutowiredFieldElement.inject(AutowiredAnnotationBeanPostProcessor.java:640)
	at org.springframework.beans.factory.annotation.InjectionMetadata.inject(InjectionMetadata.java:119)
	at org.springframework.beans.factory.annotation.AutowiredAnnotationBeanPostProcessor.postProcessProperties(AutowiredAnnotationBeanPostProcessor.java:399)
	at org.springframework.beans.factory.support.AbstractAutowireCapableBeanFactory.populateBean(AbstractAutowireCapableBeanFactory.java:1413)
	at org.springframework.beans.factory.support.AbstractAutowireCapableBeanFactory.doCreateBean(AbstractAutowireCapableBeanFactory.java:601)
	at org.springframework.beans.factory.support.AbstractAutowireCapableBeanFactory.createBean(AbstractAutowireCapableBeanFactory.java:524)
	at org.springframework.beans.factory.support.AbstractBeanFactory.lambda$doGetBean$0(AbstractBeanFactory.java:335)
	at org.springframework.beans.factory.support.DefaultSingletonBeanRegistry.getSingleton(DefaultSingletonBeanRegistry.java:234)
	at org.springframework.beans.factory.support.AbstractBeanFactory.doGetBean(AbstractBeanFactory.java:333)
	at org.springframework.beans.factory.support.AbstractBeanFactory.getBean(AbstractBeanFactory.java:208)
	at org.springframework.beans.factory.support.DefaultListableBeanFactory.preInstantiateSingletons(DefaultListableBeanFactory.java:944)
	at org.springframework.context.support.AbstractApplicationContext.finishBeanFactoryInitialization(AbstractApplicationContext.java:918)
	at org.springframework.context.support.AbstractApplicationContext.refresh(AbstractApplicationContext.java:583)
	at org.springframework.boot.SpringApplication.refresh(SpringApplication.java:754)
	at org.springframework.boot.SpringApplication.refreshContext(SpringApplication.java:434)
	at org.springframework.boot.SpringApplication.run(SpringApplication.java:338)
	at org.springframework.boot.test.context.SpringBootContextLoader.loadContext(SpringBootContextLoader.java:123)
	at org.springframework.test.context.cache.DefaultCacheAwareContextLoaderDelegate.loadContextInternal(DefaultCacheAwareContextLoaderDelegate.java:99)
	at org.springframework.test.context.cache.DefaultCacheAwareContextLoaderDelegate.loadContext(DefaultCacheAwareContextLoaderDelegate.java:124)
	at org.springframework.test.context.support.DefaultTestContext.getApplicationContext(DefaultTestContext.java:124)
	at org.springframework.test.context.web.ServletTestExecutionListener.setUpRequestContextIfNecessary(ServletTestExecutionListener.java:190)
	at org.springframework.test.context.web.ServletTestExecutionListener.prepareTestInstance(ServletTestExecutionListener.java:132)
	at org.springframework.test.context.TestContextManager.prepareTestInstance(TestContextManager.java:244)
	at org.springframework.test.context.junit.jupiter.SpringExtension.postProcessTestInstance(SpringExtension.java:138)
	at org.junit.jupiter.engine.descriptor.ClassBasedTestDescriptor.lambda$invokeTestInstancePostProcessors$6(ClassBasedTestDescriptor.java:350)
	at org.junit.jupiter.engine.descriptor.ClassBasedTestDescriptor.executeAndMaskThrowable(ClassBasedTestDescriptor.java:355)
	at org.junit.jupiter.engine.descriptor.ClassBasedTestDescriptor.lambda$invokeTestInstancePostProcessors$7(ClassBasedTestDescriptor.java:350)
	at java.util.stream.ReferencePipeline$3$1.accept(ReferencePipeline.java:193)
	at java.util.stream.ReferencePipeline$2$1.accept(ReferencePipeline.java:175)
	at java.util.ArrayList$ArrayListSpliterator.forEachRemaining(ArrayList.java:1374)
	at java.util.stream.AbstractPipeline.copyInto(AbstractPipeline.java:481)
	at java.util.stream.AbstractPipeline.wrapAndCopyInto(AbstractPipeline.java:471)
	at java.util.stream.StreamSpliterators$WrappingSpliterator.forEachRemaining(StreamSpliterators.java:312)
	at java.util.stream.Streams$ConcatSpliterator.forEachRemaining(Streams.java:743)
	at java.util.stream.Streams$ConcatSpliterator.forEachRemaining(Streams.java:742)
	at java.util.stream.ReferencePipeline$Head.forEach(ReferencePipeline.java:580)
	at org.junit.jupiter.engine.descriptor.ClassBasedTestDescriptor.invokeTestInstancePostProcessors(ClassBasedTestDescriptor.java:349)
	at org.junit.jupiter.engine.descriptor.ClassBasedTestDescriptor.lambda$instantiateAndPostProcessTestInstance$4(ClassBasedTestDescriptor.java:270)
	at org.junit.platform.engine.support.hierarchical.ThrowableCollector.execute(ThrowableCollector.java:73)
	at org.junit.jupiter.engine.descriptor.ClassBasedTestDescriptor.instantiateAndPostProcessTestInstance(ClassBasedTestDescriptor.java:269)
	at org.junit.jupiter.engine.descriptor.ClassBasedTestDescriptor.lambda$testInstancesProvider$2(ClassBasedTestDescriptor.java:259)
	at java.util.Optional.orElseGet(Optional.java:267)
	at org.junit.jupiter.engine.descriptor.ClassBasedTestDescriptor.lambda$testInstancesProvider$3(ClassBasedTestDescriptor.java:258)
	at org.junit.jupiter.engine.execution.TestInstancesProvider.getTestInstances(TestInstancesProvider.java:31)
	at org.junit.jupiter.engine.descriptor.TestMethodTestDescriptor.lambda$prepare$0(TestMethodTestDescriptor.java:101)
	at org.junit.platform.engine.support.hierarchical.ThrowableCollector.execute(ThrowableCollector.java:73)
	at org.junit.jupiter.engine.descriptor.TestMethodTestDescriptor.prepare(TestMethodTestDescriptor.java:100)
	at org.junit.jupiter.engine.descriptor.TestMethodTestDescriptor.prepare(TestMethodTestDescriptor.java:65)
	at org.junit.platform.engine.support.hierarchical.NodeTestTask.lambda$prepare$1(NodeTestTask.java:111)
	at org.junit.platform.engine.support.hierarchical.ThrowableCollector.execute(ThrowableCollector.java:73)
	at org.junit.platform.engine.support.hierarchical.NodeTestTask.prepare(NodeTestTask.java:111)
	at org.junit.platform.engine.support.hierarchical.NodeTestTask.execute(NodeTestTask.java:79)
	at java.util.ArrayList.forEach(ArrayList.java:1249)
	at org.junit.platform.engine.support.hierarchical.SameThreadHierarchicalTestExecutorService.invokeAll(SameThreadHierarchicalTestExecutorService.java:38)
	at org.junit.platform.engine.support.hierarchical.NodeTestTask.lambda$executeRecursively$5(NodeTestTask.java:143)
	at org.junit.platform.engine.support.hierarchical.ThrowableCollector.execute(ThrowableCollector.java:73)
	at org.junit.platform.engine.support.hierarchical.NodeTestTask.lambda$executeRecursively$7(NodeTestTask.java:129)
	at org.junit.platform.engine.support.hierarchical.Node.around(Node.java:137)
	at org.junit.platform.engine.support.hierarchical.NodeTestTask.lambda$executeRecursively$8(NodeTestTask.java:127)
	at org.junit.platform.engine.support.hierarchical.ThrowableCollector.execute(ThrowableCollector.java:73)
	at org.junit.platform.engine.support.hierarchical.NodeTestTask.executeRecursively(NodeTestTask.java:126)
	at org.junit.platform.engine.support.hierarchical.NodeTestTask.execute(NodeTestTask.java:84)
	at java.util.ArrayList.forEach(ArrayList.java:1249)
	at org.junit.platform.engine.support.hierarchical.SameThreadHierarchicalTestExecutorService.invokeAll(SameThreadHierarchicalTestExecutorService.java:38)
	at org.junit.platform.engine.support.hierarchical.NodeTestTask.lambda$executeRecursively$5(NodeTestTask.java:143)
	at org.junit.platform.engine.support.hierarchical.ThrowableCollector.execute(ThrowableCollector.java:73)
	at org.junit.platform.engine.support.hierarchical.NodeTestTask.lambda$executeRecursively$7(NodeTestTask.java:129)
	at org.junit.platform.engine.support.hierarchical.Node.around(Node.java:137)
	at org.junit.platform.engine.support.hierarchical.NodeTestTask.lambda$executeRecursively$8(NodeTestTask.java:127)
	at org.junit.platform.engine.support.hierarchical.ThrowableCollector.execute(ThrowableCollector.java:73)
	at org.junit.platform.engine.support.hierarchical.NodeTestTask.executeRecursively(NodeTestTask.java:126)
	at org.junit.platform.engine.support.hierarchical.NodeTestTask.execute(NodeTestTask.java:84)
	at org.junit.platform.engine.support.hierarchical.SameThreadHierarchicalTestExecutorService.submit(SameThreadHierarchicalTestExecutorService.java:32)
	at org.junit.platform.engine.support.hierarchical.HierarchicalTestExecutor.execute(HierarchicalTestExecutor.java:57)
	at org.junit.platform.engine.support.hierarchical.HierarchicalTestEngine.execute(HierarchicalTestEngine.java:51)
	at org.junit.platform.launcher.core.EngineExecutionOrchestrator.execute(EngineExecutionOrchestrator.java:108)
	at org.junit.platform.launcher.core.EngineExecutionOrchestrator.execute(EngineExecutionOrchestrator.java:88)
	at org.junit.platform.launcher.core.EngineExecutionOrchestrator.lambda$execute$0(EngineExecutionOrchestrator.java:54)
	at org.junit.platform.launcher.core.EngineExecutionOrchestrator.withInterceptedStreams(EngineExecutionOrchestrator.java:67)
	at org.junit.platform.launcher.core.EngineExecutionOrchestrator.execute(EngineExecutionOrchestrator.java:52)
	at org.junit.platform.launcher.core.DefaultLauncher.execute(DefaultLauncher.java:96)
	at org.junit.platform.launcher.core.DefaultLauncher.execute(DefaultLauncher.java:75)
	at com.intellij.junit5.JUnit5IdeaTestRunner.startRunnerWithArgs(JUnit5IdeaTestRunner.java:69)
	at com.intellij.rt.execution.junit.IdeaTestRunner$Repeater.startRunnerWithArgs(IdeaTestRunner.java:47)
	at com.intellij.rt.execution.junit.JUnitStarter.prepareStreamsAndStart(JUnitStarter.java:242)
	at com.intellij.rt.execution.junit.JUnitStarter.main(JUnitStarter.java:70)
Caused by: org.springframework.beans.factory.BeanCreationException: Error creating bean with name 'restHighLevelClient' defined in class path resource [com/sq/base/config/elasticsearch/ElasticsearchConfig.class]: Bean instantiation via factory method failed; nested exception is org.springframework.beans.BeanInstantiationException: Failed to instantiate [org.elasticsearch.client.RestHighLevelClient]: Factory method 'restHighLevelClient' threw exception; nested exception is java.lang.RuntimeException: 集群节点不允许为空
	at org.springframework.beans.factory.support.ConstructorResolver.instantiate(ConstructorResolver.java:658)
	at org.springframework.beans.factory.support.ConstructorResolver.instantiateUsingFactoryMethod(ConstructorResolver.java:486)
	at org.springframework.beans.factory.support.AbstractAutowireCapableBeanFactory.instantiateUsingFactoryMethod(AbstractAutowireCapableBeanFactory.java:1334)
	at org.springframework.beans.factory.support.AbstractAutowireCapableBeanFactory.createBeanInstance(AbstractAutowireCapableBeanFactory.java:1177)
	at org.springframework.beans.factory.support.AbstractAutowireCapableBeanFactory.doCreateBean(AbstractAutowireCapableBeanFactory.java:564)
	at org.springframework.beans.factory.support.AbstractAutowireCapableBeanFactory.createBean(AbstractAutowireCapableBeanFactory.java:524)
	at org.springframework.beans.factory.support.AbstractBeanFactory.lambda$doGetBean$0(AbstractBeanFactory.java:335)
	at org.springframework.beans.factory.support.DefaultSingletonBeanRegistry.getSingleton(DefaultSingletonBeanRegistry.java:234)
	at org.springframework.beans.factory.support.AbstractBeanFactory.doGetBean(AbstractBeanFactory.java:333)
	at org.springframework.beans.factory.support.AbstractBeanFactory.getBean(AbstractBeanFactory.java:208)
	at org.springframework.beans.factory.config.DependencyDescriptor.resolveCandidate(DependencyDescriptor.java:276)
	at org.springframework.beans.factory.support.DefaultListableBeanFactory.doResolveDependency(DefaultListableBeanFactory.java:1380)
	at org.springframework.beans.factory.support.DefaultListableBeanFactory.resolveDependency(DefaultListableBeanFactory.java:1300)
	at org.springframework.beans.factory.annotation.AutowiredAnnotationBeanPostProcessor$AutowiredFieldElement.resolveFieldValue(AutowiredAnnotationBeanPostProcessor.java:657)
	... 86 more
Caused by: org.springframework.beans.BeanInstantiationException: Failed to instantiate [org.elasticsearch.client.RestHighLevelClient]: Factory method 'restHighLevelClient' threw exception; nested exception is java.lang.RuntimeException: 集群节点不允许为空
	at org.springframework.beans.factory.support.SimpleInstantiationStrategy.instantiate(SimpleInstantiationStrategy.java:185)
	at org.springframework.beans.factory.support.ConstructorResolver.instantiate(ConstructorResolver.java:653)
	... 99 more
Caused by: java.lang.RuntimeException: 集群节点不允许为空
	at com.sq.base.config.elasticsearch.ElasticsearchConfig.restHighLevelClient(ElasticsearchConfig.java:42)
	at com.sq.base.config.elasticsearch.ElasticsearchConfig$$EnhancerBySpringCGLIB$$2cb77c61.CGLIB$restHighLevelClient$0(<generated>)
	at com.sq.base.config.elasticsearch.ElasticsearchConfig$$EnhancerBySpringCGLIB$$2cb77c61$$FastClassBySpringCGLIB$$352fc22a.invoke(<generated>)
	at org.springframework.cglib.proxy.MethodProxy.invokeSuper(MethodProxy.java:244)
	at org.springframework.context.annotation.ConfigurationClassEnhancer$BeanMethodInterceptor.intercept(ConfigurationClassEnhancer.java:331)
	at com.sq.base.config.elasticsearch.ElasticsearchConfig$$EnhancerBySpringCGLIB$$2cb77c61.restHighLevelClient(<generated>)
	at sun.reflect.NativeMethodAccessorImpl.invoke0(Native Method)
	at sun.reflect.NativeMethodAccessorImpl.invoke(NativeMethodAccessorImpl.java:62)
	at sun.reflect.DelegatingMethodAccessorImpl.invoke(DelegatingMethodAccessorImpl.java:43)
	at java.lang.reflect.Method.invoke(Method.java:498)
	at org.springframework.beans.factory.support.SimpleInstantiationStrategy.instantiate(SimpleInstantiationStrategy.java:154)
	... 100 more
2021-10-15 13:50:46  [ main:10931 ] - [ ERROR ]  Caught exception while allowing TestExecutionListener [org.springframework.test.context.web.ServletTestExecutionListener@7d3430a7] to prepare test instance [com.sq.base.service.impl.LolServiceImplTest@2a3c3a04]
java.lang.IllegalStateException: Failed to load ApplicationContext
	at org.springframework.test.context.cache.DefaultCacheAwareContextLoaderDelegate.loadContext(DefaultCacheAwareContextLoaderDelegate.java:132)
	at org.springframework.test.context.support.DefaultTestContext.getApplicationContext(DefaultTestContext.java:124)
	at org.springframework.test.context.web.ServletTestExecutionListener.setUpRequestContextIfNecessary(ServletTestExecutionListener.java:190)
	at org.springframework.test.context.web.ServletTestExecutionListener.prepareTestInstance(ServletTestExecutionListener.java:132)
	at org.springframework.test.context.TestContextManager.prepareTestInstance(TestContextManager.java:244)
	at org.springframework.test.context.junit.jupiter.SpringExtension.postProcessTestInstance(SpringExtension.java:138)
	at org.junit.jupiter.engine.descriptor.ClassBasedTestDescriptor.lambda$invokeTestInstancePostProcessors$6(ClassBasedTestDescriptor.java:350)
	at org.junit.jupiter.engine.descriptor.ClassBasedTestDescriptor.executeAndMaskThrowable(ClassBasedTestDescriptor.java:355)
	at org.junit.jupiter.engine.descriptor.ClassBasedTestDescriptor.lambda$invokeTestInstancePostProcessors$7(ClassBasedTestDescriptor.java:350)
	at java.util.stream.ReferencePipeline$3$1.accept(ReferencePipeline.java:193)
	at java.util.stream.ReferencePipeline$2$1.accept(ReferencePipeline.java:175)
	at java.util.ArrayList$ArrayListSpliterator.forEachRemaining(ArrayList.java:1374)
	at java.util.stream.AbstractPipeline.copyInto(AbstractPipeline.java:481)
	at java.util.stream.AbstractPipeline.wrapAndCopyInto(AbstractPipeline.java:471)
	at java.util.stream.StreamSpliterators$WrappingSpliterator.forEachRemaining(StreamSpliterators.java:312)
	at java.util.stream.Streams$ConcatSpliterator.forEachRemaining(Streams.java:743)
	at java.util.stream.Streams$ConcatSpliterator.forEachRemaining(Streams.java:742)
	at java.util.stream.ReferencePipeline$Head.forEach(ReferencePipeline.java:580)
	at org.junit.jupiter.engine.descriptor.ClassBasedTestDescriptor.invokeTestInstancePostProcessors(ClassBasedTestDescriptor.java:349)
	at org.junit.jupiter.engine.descriptor.ClassBasedTestDescriptor.lambda$instantiateAndPostProcessTestInstance$4(ClassBasedTestDescriptor.java:270)
	at org.junit.platform.engine.support.hierarchical.ThrowableCollector.execute(ThrowableCollector.java:73)
	at org.junit.jupiter.engine.descriptor.ClassBasedTestDescriptor.instantiateAndPostProcessTestInstance(ClassBasedTestDescriptor.java:269)
	at org.junit.jupiter.engine.descriptor.ClassBasedTestDescriptor.lambda$testInstancesProvider$2(ClassBasedTestDescriptor.java:259)
	at java.util.Optional.orElseGet(Optional.java:267)
	at org.junit.jupiter.engine.descriptor.ClassBasedTestDescriptor.lambda$testInstancesProvider$3(ClassBasedTestDescriptor.java:258)
	at org.junit.jupiter.engine.execution.TestInstancesProvider.getTestInstances(TestInstancesProvider.java:31)
	at org.junit.jupiter.engine.descriptor.TestMethodTestDescriptor.lambda$prepare$0(TestMethodTestDescriptor.java:101)
	at org.junit.platform.engine.support.hierarchical.ThrowableCollector.execute(ThrowableCollector.java:73)
	at org.junit.jupiter.engine.descriptor.TestMethodTestDescriptor.prepare(TestMethodTestDescriptor.java:100)
	at org.junit.jupiter.engine.descriptor.TestMethodTestDescriptor.prepare(TestMethodTestDescriptor.java:65)
	at org.junit.platform.engine.support.hierarchical.NodeTestTask.lambda$prepare$1(NodeTestTask.java:111)
	at org.junit.platform.engine.support.hierarchical.ThrowableCollector.execute(ThrowableCollector.java:73)
	at org.junit.platform.engine.support.hierarchical.NodeTestTask.prepare(NodeTestTask.java:111)
	at org.junit.platform.engine.support.hierarchical.NodeTestTask.execute(NodeTestTask.java:79)
	at java.util.ArrayList.forEach(ArrayList.java:1249)
	at org.junit.platform.engine.support.hierarchical.SameThreadHierarchicalTestExecutorService.invokeAll(SameThreadHierarchicalTestExecutorService.java:38)
	at org.junit.platform.engine.support.hierarchical.NodeTestTask.lambda$executeRecursively$5(NodeTestTask.java:143)
	at org.junit.platform.engine.support.hierarchical.ThrowableCollector.execute(ThrowableCollector.java:73)
	at org.junit.platform.engine.support.hierarchical.NodeTestTask.lambda$executeRecursively$7(NodeTestTask.java:129)
	at org.junit.platform.engine.support.hierarchical.Node.around(Node.java:137)
	at org.junit.platform.engine.support.hierarchical.NodeTestTask.lambda$executeRecursively$8(NodeTestTask.java:127)
	at org.junit.platform.engine.support.hierarchical.ThrowableCollector.execute(ThrowableCollector.java:73)
	at org.junit.platform.engine.support.hierarchical.NodeTestTask.executeRecursively(NodeTestTask.java:126)
	at org.junit.platform.engine.support.hierarchical.NodeTestTask.execute(NodeTestTask.java:84)
	at java.util.ArrayList.forEach(ArrayList.java:1249)
	at org.junit.platform.engine.support.hierarchical.SameThreadHierarchicalTestExecutorService.invokeAll(SameThreadHierarchicalTestExecutorService.java:38)
	at org.junit.platform.engine.support.hierarchical.NodeTestTask.lambda$executeRecursively$5(NodeTestTask.java:143)
	at org.junit.platform.engine.support.hierarchical.ThrowableCollector.execute(ThrowableCollector.java:73)
	at org.junit.platform.engine.support.hierarchical.NodeTestTask.lambda$executeRecursively$7(NodeTestTask.java:129)
	at org.junit.platform.engine.support.hierarchical.Node.around(Node.java:137)
	at org.junit.platform.engine.support.hierarchical.NodeTestTask.lambda$executeRecursively$8(NodeTestTask.java:127)
	at org.junit.platform.engine.support.hierarchical.ThrowableCollector.execute(ThrowableCollector.java:73)
	at org.junit.platform.engine.support.hierarchical.NodeTestTask.executeRecursively(NodeTestTask.java:126)
	at org.junit.platform.engine.support.hierarchical.NodeTestTask.execute(NodeTestTask.java:84)
	at org.junit.platform.engine.support.hierarchical.SameThreadHierarchicalTestExecutorService.submit(SameThreadHierarchicalTestExecutorService.java:32)
	at org.junit.platform.engine.support.hierarchical.HierarchicalTestExecutor.execute(HierarchicalTestExecutor.java:57)
	at org.junit.platform.engine.support.hierarchical.HierarchicalTestEngine.execute(HierarchicalTestEngine.java:51)
	at org.junit.platform.launcher.core.EngineExecutionOrchestrator.execute(EngineExecutionOrchestrator.java:108)
	at org.junit.platform.launcher.core.EngineExecutionOrchestrator.execute(EngineExecutionOrchestrator.java:88)
	at org.junit.platform.launcher.core.EngineExecutionOrchestrator.lambda$execute$0(EngineExecutionOrchestrator.java:54)
	at org.junit.platform.launcher.core.EngineExecutionOrchestrator.withInterceptedStreams(EngineExecutionOrchestrator.java:67)
	at org.junit.platform.launcher.core.EngineExecutionOrchestrator.execute(EngineExecutionOrchestrator.java:52)
	at org.junit.platform.launcher.core.DefaultLauncher.execute(DefaultLauncher.java:96)
	at org.junit.platform.launcher.core.DefaultLauncher.execute(DefaultLauncher.java:75)
	at com.intellij.junit5.JUnit5IdeaTestRunner.startRunnerWithArgs(JUnit5IdeaTestRunner.java:69)
	at com.intellij.rt.execution.junit.IdeaTestRunner$Repeater.startRunnerWithArgs(IdeaTestRunner.java:47)
	at com.intellij.rt.execution.junit.JUnitStarter.prepareStreamsAndStart(JUnitStarter.java:242)
	at com.intellij.rt.execution.junit.JUnitStarter.main(JUnitStarter.java:70)
Caused by: org.springframework.beans.factory.UnsatisfiedDependencyException: Error creating bean with name 'lolServiceImpl': Unsatisfied dependency expressed through field 'restHighLevelClient'; nested exception is org.springframework.beans.factory.BeanCreationException: Error creating bean with name 'restHighLevelClient' defined in class path resource [com/sq/base/config/elasticsearch/ElasticsearchConfig.class]: Bean instantiation via factory method failed; nested exception is org.springframework.beans.BeanInstantiationException: Failed to instantiate [org.elasticsearch.client.RestHighLevelClient]: Factory method 'restHighLevelClient' threw exception; nested exception is java.lang.RuntimeException: 集群节点不允许为空
	at org.springframework.beans.factory.annotation.AutowiredAnnotationBeanPostProcessor$AutowiredFieldElement.resolveFieldValue(AutowiredAnnotationBeanPostProcessor.java:660)
	at org.springframework.beans.factory.annotation.AutowiredAnnotationBeanPostProcessor$AutowiredFieldElement.inject(AutowiredAnnotationBeanPostProcessor.java:640)
	at org.springframework.beans.factory.annotation.InjectionMetadata.inject(InjectionMetadata.java:119)
	at org.springframework.beans.factory.annotation.AutowiredAnnotationBeanPostProcessor.postProcessProperties(AutowiredAnnotationBeanPostProcessor.java:399)
	at org.springframework.beans.factory.support.AbstractAutowireCapableBeanFactory.populateBean(AbstractAutowireCapableBeanFactory.java:1413)
	at org.springframework.beans.factory.support.AbstractAutowireCapableBeanFactory.doCreateBean(AbstractAutowireCapableBeanFactory.java:601)
	at org.springframework.beans.factory.support.AbstractAutowireCapableBeanFactory.createBean(AbstractAutowireCapableBeanFactory.java:524)
	at org.springframework.beans.factory.support.AbstractBeanFactory.lambda$doGetBean$0(AbstractBeanFactory.java:335)
	at org.springframework.beans.factory.support.DefaultSingletonBeanRegistry.getSingleton(DefaultSingletonBeanRegistry.java:234)
	at org.springframework.beans.factory.support.AbstractBeanFactory.doGetBean(AbstractBeanFactory.java:333)
	at org.springframework.beans.factory.support.AbstractBeanFactory.getBean(AbstractBeanFactory.java:208)
	at org.springframework.beans.factory.support.DefaultListableBeanFactory.preInstantiateSingletons(DefaultListableBeanFactory.java:944)
	at org.springframework.context.support.AbstractApplicationContext.finishBeanFactoryInitialization(AbstractApplicationContext.java:918)
	at org.springframework.context.support.AbstractApplicationContext.refresh(AbstractApplicationContext.java:583)
	at org.springframework.boot.SpringApplication.refresh(SpringApplication.java:754)
	at org.springframework.boot.SpringApplication.refreshContext(SpringApplication.java:434)
	at org.springframework.boot.SpringApplication.run(SpringApplication.java:338)
	at org.springframework.boot.test.context.SpringBootContextLoader.loadContext(SpringBootContextLoader.java:123)
	at org.springframework.test.context.cache.DefaultCacheAwareContextLoaderDelegate.loadContextInternal(DefaultCacheAwareContextLoaderDelegate.java:99)
	at org.springframework.test.context.cache.DefaultCacheAwareContextLoaderDelegate.loadContext(DefaultCacheAwareContextLoaderDelegate.java:124)
	... 67 more
Caused by: org.springframework.beans.factory.BeanCreationException: Error creating bean with name 'restHighLevelClient' defined in class path resource [com/sq/base/config/elasticsearch/ElasticsearchConfig.class]: Bean instantiation via factory method failed; nested exception is org.springframework.beans.BeanInstantiationException: Failed to instantiate [org.elasticsearch.client.RestHighLevelClient]: Factory method 'restHighLevelClient' threw exception; nested exception is java.lang.RuntimeException: 集群节点不允许为空
	at org.springframework.beans.factory.support.ConstructorResolver.instantiate(ConstructorResolver.java:658)
	at org.springframework.beans.factory.support.ConstructorResolver.instantiateUsingFactoryMethod(ConstructorResolver.java:486)
	at org.springframework.beans.factory.support.AbstractAutowireCapableBeanFactory.instantiateUsingFactoryMethod(AbstractAutowireCapableBeanFactory.java:1334)
	at org.springframework.beans.factory.support.AbstractAutowireCapableBeanFactory.createBeanInstance(AbstractAutowireCapableBeanFactory.java:1177)
	at org.springframework.beans.factory.support.AbstractAutowireCapableBeanFactory.doCreateBean(AbstractAutowireCapableBeanFactory.java:564)
	at org.springframework.beans.factory.support.AbstractAutowireCapableBeanFactory.createBean(AbstractAutowireCapableBeanFactory.java:524)
	at org.springframework.beans.factory.support.AbstractBeanFactory.lambda$doGetBean$0(AbstractBeanFactory.java:335)
	at org.springframework.beans.factory.support.DefaultSingletonBeanRegistry.getSingleton(DefaultSingletonBeanRegistry.java:234)
	at org.springframework.beans.factory.support.AbstractBeanFactory.doGetBean(AbstractBeanFactory.java:333)
	at org.springframework.beans.factory.support.AbstractBeanFactory.getBean(AbstractBeanFactory.java:208)
	at org.springframework.beans.factory.config.DependencyDescriptor.resolveCandidate(DependencyDescriptor.java:276)
	at org.springframework.beans.factory.support.DefaultListableBeanFactory.doResolveDependency(DefaultListableBeanFactory.java:1380)
	at org.springframework.beans.factory.support.DefaultListableBeanFactory.resolveDependency(DefaultListableBeanFactory.java:1300)
	at org.springframework.beans.factory.annotation.AutowiredAnnotationBeanPostProcessor$AutowiredFieldElement.resolveFieldValue(AutowiredAnnotationBeanPostProcessor.java:657)
	... 86 more
Caused by: org.springframework.beans.BeanInstantiationException: Failed to instantiate [org.elasticsearch.client.RestHighLevelClient]: Factory method 'restHighLevelClient' threw exception; nested exception is java.lang.RuntimeException: 集群节点不允许为空
	at org.springframework.beans.factory.support.SimpleInstantiationStrategy.instantiate(SimpleInstantiationStrategy.java:185)
	at org.springframework.beans.factory.support.ConstructorResolver.instantiate(ConstructorResolver.java:653)
	... 99 more
Caused by: java.lang.RuntimeException: 集群节点不允许为空
	at com.sq.base.config.elasticsearch.ElasticsearchConfig.restHighLevelClient(ElasticsearchConfig.java:42)
	at com.sq.base.config.elasticsearch.ElasticsearchConfig$$EnhancerBySpringCGLIB$$2cb77c61.CGLIB$restHighLevelClient$0(<generated>)
	at com.sq.base.config.elasticsearch.ElasticsearchConfig$$EnhancerBySpringCGLIB$$2cb77c61$$FastClassBySpringCGLIB$$352fc22a.invoke(<generated>)
	at org.springframework.cglib.proxy.MethodProxy.invokeSuper(MethodProxy.java:244)
	at org.springframework.context.annotation.ConfigurationClassEnhancer$BeanMethodInterceptor.intercept(ConfigurationClassEnhancer.java:331)
	at com.sq.base.config.elasticsearch.ElasticsearchConfig$$EnhancerBySpringCGLIB$$2cb77c61.restHighLevelClient(<generated>)
	at sun.reflect.NativeMethodAccessorImpl.invoke0(Native Method)
	at sun.reflect.NativeMethodAccessorImpl.invoke(NativeMethodAccessorImpl.java:62)
	at sun.reflect.DelegatingMethodAccessorImpl.invoke(DelegatingMethodAccessorImpl.java:43)
	at java.lang.reflect.Method.invoke(Method.java:498)
	at org.springframework.beans.factory.support.SimpleInstantiationStrategy.instantiate(SimpleInstantiationStrategy.java:154)
	... 100 more
2021-10-15 13:56:43  [ main:0 ] - [ INFO ]  Neither @ContextConfiguration nor @ContextHierarchy found for test class [com.sq.base.service.impl.LolServiceImplTest], using SpringBootContextLoader
2021-10-15 13:56:43  [ main:14 ] - [ INFO ]  Could not detect default resource locations for test class [com.sq.base.service.impl.LolServiceImplTest]: no resource found for suffixes {-context.xml, Context.groovy}.
2021-10-15 13:56:43  [ main:16 ] - [ INFO ]  Could not detect default configuration classes for test class [com.sq.base.service.impl.LolServiceImplTest]: LolServiceImplTest does not declare any static, non-private, non-final, nested classes annotated with @Configuration.
2021-10-15 13:56:43  [ main:244 ] - [ INFO ]  Found @SpringBootConfiguration com.sq.base.BaseBootApplication for test class com.sq.base.service.impl.LolServiceImplTest
2021-10-15 13:56:44  [ main:548 ] - [ INFO ]  Loaded default TestExecutionListener class names from location [META-INF/spring.factories]: [org.springframework.boot.test.mock.mockito.MockitoTestExecutionListener, org.springframework.boot.test.mock.mockito.ResetMocksTestExecutionListener, org.springframework.boot.test.autoconfigure.restdocs.RestDocsTestExecutionListener, org.springframework.boot.test.autoconfigure.web.client.MockRestServiceServerResetTestExecutionListener, org.springframework.boot.test.autoconfigure.web.servlet.MockMvcPrintOnlyOnFailureTestExecutionListener, org.springframework.boot.test.autoconfigure.web.servlet.WebDriverTestExecutionListener, org.springframework.boot.test.autoconfigure.webservices.client.MockWebServiceServerTestExecutionListener, org.springframework.test.context.web.ServletTestExecutionListener, org.springframework.test.context.support.DirtiesContextBeforeModesTestExecutionListener, org.springframework.test.context.event.ApplicationEventsTestExecutionListener, org.springframework.test.context.support.DependencyInjectionTestExecutionListener, org.springframework.test.context.support.DirtiesContextTestExecutionListener, org.springframework.test.context.transaction.TransactionalTestExecutionListener, org.springframework.test.context.jdbc.SqlScriptsTestExecutionListener, org.springframework.test.context.event.EventPublishingTestExecutionListener]
2021-10-15 13:56:44  [ main:604 ] - [ INFO ]  Using TestExecutionListeners: [org.springframework.test.context.web.ServletTestExecutionListener@7d3430a7, org.springframework.test.context.support.DirtiesContextBeforeModesTestExecutionListener@6f603e89, org.springframework.test.context.event.ApplicationEventsTestExecutionListener@2756c0a7, org.springframework.boot.test.mock.mockito.MockitoTestExecutionListener@350ec41e, org.springframework.boot.test.autoconfigure.SpringBootDependencyInjectionTestExecutionListener@69637b10, org.springframework.test.context.support.DirtiesContextTestExecutionListener@71984c3, org.springframework.test.context.transaction.TransactionalTestExecutionListener@165b2f7f, org.springframework.test.context.jdbc.SqlScriptsTestExecutionListener@5536379e, org.springframework.test.context.event.EventPublishingTestExecutionListener@277f7dd3, org.springframework.boot.test.mock.mockito.ResetMocksTestExecutionListener@6c8bca63, org.springframework.boot.test.autoconfigure.restdocs.RestDocsTestExecutionListener@2364305a, org.springframework.boot.test.autoconfigure.web.client.MockRestServiceServerResetTestExecutionListener@470a696f, org.springframework.boot.test.autoconfigure.web.servlet.MockMvcPrintOnlyOnFailureTestExecutionListener@1bc715b8, org.springframework.boot.test.autoconfigure.web.servlet.WebDriverTestExecutionListener@292d1c71, org.springframework.boot.test.autoconfigure.webservices.client.MockWebServiceServerTestExecutionListener@2b491fee]
2021-10-15 13:56:45  [ main:1457 ] - [ INFO ]  Starting LolServiceImplTest using Java 1.8.0_131 on DESKTOP-C8EM5CU with PID 3476 (started by 18055 in C:\Users\18055\Desktop\springboot-study\base-boot)
2021-10-15 13:56:45  [ main:1472 ] - [ INFO ]  No active profile set, falling back to default profiles: default
2021-10-15 13:56:47  [ main:3476 ] - [ INFO ]  Multiple Spring Data modules found, entering strict repository configuration mode!
2021-10-15 13:56:47  [ main:3483 ] - [ INFO ]  Bootstrapping Spring Data JPA repositories in DEFAULT mode.
2021-10-15 13:56:47  [ main:3842 ] - [ INFO ]  Finished Spring Data repository scanning in 338 ms. Found 2 JPA repository interfaces.
2021-10-15 13:56:47  [ main:3868 ] - [ INFO ]  Multiple Spring Data modules found, entering strict repository configuration mode!
2021-10-15 13:56:47  [ main:3870 ] - [ INFO ]  Bootstrapping Spring Data Redis repositories in DEFAULT mode.
2021-10-15 13:56:47  [ main:3911 ] - [ INFO ]  Spring Data Redis - Could not safely identify store assignment for repository candidate interface com.sq.base.dao.JobDAO. If you want this repository to be a Redis repository, consider annotating your entities with one of these annotations: org.springframework.data.redis.core.RedisHash (preferred), or consider extending one of the following types with your repository: org.springframework.data.keyvalue.repository.KeyValueRepository.
2021-10-15 13:56:47  [ main:3912 ] - [ INFO ]  Spring Data Redis - Could not safely identify store assignment for repository candidate interface com.sq.base.dao.UserDao. If you want this repository to be a Redis repository, consider annotating your entities with one of these annotations: org.springframework.data.redis.core.RedisHash (preferred), or consider extending one of the following types with your repository: org.springframework.data.keyvalue.repository.KeyValueRepository.
2021-10-15 13:56:47  [ main:3913 ] - [ INFO ]  Finished Spring Data repository scanning in 28 ms. Found 0 Redis repository interfaces.
2021-10-15 13:56:48  [ main:4939 ] - [ INFO ]  Bean 'redisConfiguration' of type [com.sq.base.config.redis.RedisConfiguration$$EnhancerBySpringCGLIB$$7ed3d129] is not eligible for getting processed by all BeanPostProcessors (for example: not eligible for auto-proxying)
2021-10-15 13:56:50  [ main:6573 ] - [ INFO ]  HikariPool-1 - Starting...
2021-10-15 13:56:50  [ main:7150 ] - [ INFO ]  HikariPool-1 - Start completed.
2021-10-15 13:56:51  [ main:8257 ] - [ INFO ]  Initialized JPA EntityManagerFactory for persistence unit 'default'
2021-10-15 13:56:53  [ main:9413 ] - [ INFO ]  Using default implementation for ThreadExecutor
2021-10-15 13:56:53  [ main:9421 ] - [ INFO ]  Job execution threads will use class loader of thread: main
2021-10-15 13:56:53  [ main:9789 ] - [ INFO ]  Initialized Scheduler Signaller of type: class org.quartz.core.SchedulerSignalerImpl
2021-10-15 13:56:53  [ main:9789 ] - [ INFO ]  Quartz Scheduler v.2.3.2 created.
2021-10-15 13:56:53  [ main:9791 ] - [ INFO ]  RAMJobStore initialized.
2021-10-15 13:56:53  [ main:9792 ] - [ INFO ]  Scheduler meta-data: Quartz Scheduler (v2.3.2) 'DefaultQuartzScheduler' with instanceId 'NON_CLUSTERED'
  Scheduler class: 'org.quartz.core.QuartzScheduler' - running locally.
  NOT STARTED.
  Currently in standby mode.
  Number of jobs executed: 0
  Using thread pool 'org.quartz.simpl.SimpleThreadPool' - with 10 threads.
  Using job-store 'org.quartz.simpl.RAMJobStore' - which does not support persistence. and is not clustered.

2021-10-15 13:56:53  [ main:9792 ] - [ INFO ]  Quartz scheduler 'DefaultQuartzScheduler' initialized from default resource file in Quartz package: 'quartz.properties'
2021-10-15 13:56:53  [ main:9793 ] - [ INFO ]  Quartz scheduler version: 2.3.2
2021-10-15 13:56:53  [ main:9992 ] - [ WARN ]  spring.jpa.open-in-view is enabled by default. Therefore, database queries may be performed during view rendering. Explicitly configure spring.jpa.open-in-view to disable this warning
2021-10-15 13:56:57  [ main:14312 ] - [ INFO ]  Will secure Ant [pattern='/repeat/*'] with []
2021-10-15 13:56:58  [ main:14553 ] - [ INFO ]  Mapped URL path [/v2/api-docs] onto method [springfox.documentation.swagger2.web.Swagger2Controller#getDocumentation(String, HttpServletRequest)]
2021-10-15 13:56:58  [ main:15226 ] - [ INFO ]  Will secure any request with [org.springframework.security.web.context.request.async.WebAsyncManagerIntegrationFilter@8be84bf, org.springframework.security.web.context.SecurityContextPersistenceFilter@160b7ccd, org.springframework.security.web.header.HeaderWriterFilter@198c97d0, org.springframework.web.filter.CorsFilter@1d5e0621, org.springframework.security.web.authentication.logout.LogoutFilter@1b6daf20, com.sq.base.config.security.JwtAuthenticationFilter@aee3d6e, org.springframework.security.web.authentication.UsernamePasswordAuthenticationFilter@792b0cad, org.springframework.security.web.savedrequest.RequestCacheAwareFilter@3503e68e, org.springframework.security.web.servletapi.SecurityContextHolderAwareRequestFilter@5565d718, org.springframework.security.web.authentication.AnonymousAuthenticationFilter@2b8106fa, org.springframework.security.web.session.SessionManagementFilter@512319dc, org.springframework.security.web.access.ExceptionTranslationFilter@105e9fef, org.springframework.security.web.access.intercept.FilterSecurityInterceptor@2f053ff3]
2021-10-15 13:57:00  [ main:16929 ] - [ INFO ]  Using default implementation for ThreadExecutor
2021-10-15 13:57:00  [ main:16932 ] - [ INFO ]  Initialized Scheduler Signaller of type: class org.quartz.core.SchedulerSignalerImpl
2021-10-15 13:57:00  [ main:16933 ] - [ INFO ]  Quartz Scheduler v.2.3.2 created.
2021-10-15 13:57:00  [ main:16935 ] - [ INFO ]  RAMJobStore initialized.
2021-10-15 13:57:00  [ main:16935 ] - [ INFO ]  Scheduler meta-data: Quartz Scheduler (v2.3.2) 'quartzScheduler' with instanceId 'NON_CLUSTERED'
  Scheduler class: 'org.quartz.core.QuartzScheduler' - running locally.
  NOT STARTED.
  Currently in standby mode.
  Number of jobs executed: 0
  Using thread pool 'org.quartz.simpl.SimpleThreadPool' - with 10 threads.
  Using job-store 'org.quartz.simpl.RAMJobStore' - which does not support persistence. and is not clustered.

2021-10-15 13:57:00  [ main:16936 ] - [ INFO ]  Quartz scheduler 'quartzScheduler' initialized from an externally provided properties instance.
2021-10-15 13:57:00  [ main:16937 ] - [ INFO ]  Quartz scheduler version: 2.3.2
2021-10-15 13:57:00  [ main:16938 ] - [ INFO ]  JobFactory set to: org.springframework.scheduling.quartz.SpringBeanJobFactory@2acb6c9a
2021-10-15 13:57:00  [ main:17104 ] - [ INFO ]  Context refreshed
2021-10-15 13:57:00  [ main:17189 ] - [ INFO ]  Found 1 custom documentation plugin(s)
2021-10-15 13:57:00  [ main:17262 ] - [ INFO ]  Scanning for api listing references
2021-10-15 13:57:01  [ main:17640 ] - [ INFO ]  Starting Quartz Scheduler now
2021-10-15 13:57:01  [ main:17641 ] - [ INFO ]  Scheduler quartzScheduler_$_NON_CLUSTERED started.
2021-10-15 13:57:01  [ main:17650 ] - [ INFO ]  任务已经启动......
2021-10-15 13:57:01  [ main:17656 ] - [ INFO ]  Started LolServiceImplTest in 16.925 seconds (JVM running for 19.407)
2021-10-15 13:57:04  [ main:21283 ] - [ WARN ]  request [PUT http://www.nuomi.cloud:9200/lol?master_timeout=30s&timeout=30s] returned 1 warnings: [299 Elasticsearch-7.15.0-79d65f6e357953a5b3cbcc5e2c7c21073d89aa29 "Elasticsearch built-in security features are not enabled. Without authentication, your cluster could be accessible to anyone. See https://www.elastic.co/guide/en/elasticsearch/reference/7.15/security-minimal-setup.html to enable security."]
2021-10-15 13:57:04  [ main:21305 ] - [ INFO ]   所有节点确认响应 : true
2021-10-15 13:57:04  [ main:21305 ] - [ INFO ]   所有分片的复制未超时 :true
2021-10-15 13:57:05  [ SpringApplicationShutdownHook:21335 ] - [ INFO ]  Scheduler quartzScheduler_$_NON_CLUSTERED paused.
2021-10-15 13:57:05  [ SpringApplicationShutdownHook:21337 ] - [ INFO ]  Shutting down Quartz Scheduler
2021-10-15 13:57:05  [ SpringApplicationShutdownHook:21337 ] - [ INFO ]  Scheduler quartzScheduler_$_NON_CLUSTERED shutting down.
2021-10-15 13:57:05  [ SpringApplicationShutdownHook:21338 ] - [ INFO ]  Scheduler quartzScheduler_$_NON_CLUSTERED paused.
2021-10-15 13:57:05  [ SpringApplicationShutdownHook:21338 ] - [ INFO ]  Scheduler quartzScheduler_$_NON_CLUSTERED shutdown complete.
2021-10-15 13:57:05  [ SpringApplicationShutdownHook:21349 ] - [ INFO ]  Scheduler DefaultQuartzScheduler_$_NON_CLUSTERED shutting down.
2021-10-15 13:57:05  [ SpringApplicationShutdownHook:21349 ] - [ INFO ]  Scheduler DefaultQuartzScheduler_$_NON_CLUSTERED paused.
2021-10-15 13:57:05  [ SpringApplicationShutdownHook:21350 ] - [ INFO ]  Scheduler DefaultQuartzScheduler_$_NON_CLUSTERED shutdown complete.
2021-10-15 13:57:05  [ SpringApplicationShutdownHook:21485 ] - [ INFO ]  Closing JPA EntityManagerFactory for persistence unit 'default'
2021-10-15 13:57:05  [ SpringApplicationShutdownHook:21491 ] - [ INFO ]  HikariPool-1 - Shutdown initiated...
2021-10-15 13:57:05  [ SpringApplicationShutdownHook:21508 ] - [ INFO ]  HikariPool-1 - Shutdown completed.
2021-10-15 13:58:52  [ main:0 ] - [ INFO ]  Neither @ContextConfiguration nor @ContextHierarchy found for test class [com.sq.base.service.impl.LolServiceImplTest], using SpringBootContextLoader
2021-10-15 13:58:52  [ main:12 ] - [ INFO ]  Could not detect default resource locations for test class [com.sq.base.service.impl.LolServiceImplTest]: no resource found for suffixes {-context.xml, Context.groovy}.
2021-10-15 13:58:52  [ main:13 ] - [ INFO ]  Could not detect default configuration classes for test class [com.sq.base.service.impl.LolServiceImplTest]: LolServiceImplTest does not declare any static, non-private, non-final, nested classes annotated with @Configuration.
2021-10-15 13:58:52  [ main:311 ] - [ INFO ]  Found @SpringBootConfiguration com.sq.base.BaseBootApplication for test class com.sq.base.service.impl.LolServiceImplTest
2021-10-15 13:58:53  [ main:603 ] - [ INFO ]  Loaded default TestExecutionListener class names from location [META-INF/spring.factories]: [org.springframework.boot.test.mock.mockito.MockitoTestExecutionListener, org.springframework.boot.test.mock.mockito.ResetMocksTestExecutionListener, org.springframework.boot.test.autoconfigure.restdocs.RestDocsTestExecutionListener, org.springframework.boot.test.autoconfigure.web.client.MockRestServiceServerResetTestExecutionListener, org.springframework.boot.test.autoconfigure.web.servlet.MockMvcPrintOnlyOnFailureTestExecutionListener, org.springframework.boot.test.autoconfigure.web.servlet.WebDriverTestExecutionListener, org.springframework.boot.test.autoconfigure.webservices.client.MockWebServiceServerTestExecutionListener, org.springframework.test.context.web.ServletTestExecutionListener, org.springframework.test.context.support.DirtiesContextBeforeModesTestExecutionListener, org.springframework.test.context.event.ApplicationEventsTestExecutionListener, org.springframework.test.context.support.DependencyInjectionTestExecutionListener, org.springframework.test.context.support.DirtiesContextTestExecutionListener, org.springframework.test.context.transaction.TransactionalTestExecutionListener, org.springframework.test.context.jdbc.SqlScriptsTestExecutionListener, org.springframework.test.context.event.EventPublishingTestExecutionListener]
2021-10-15 13:58:53  [ main:648 ] - [ INFO ]  Using TestExecutionListeners: [org.springframework.test.context.web.ServletTestExecutionListener@7d3430a7, org.springframework.test.context.support.DirtiesContextBeforeModesTestExecutionListener@6f603e89, org.springframework.test.context.event.ApplicationEventsTestExecutionListener@2756c0a7, org.springframework.boot.test.mock.mockito.MockitoTestExecutionListener@350ec41e, org.springframework.boot.test.autoconfigure.SpringBootDependencyInjectionTestExecutionListener@69637b10, org.springframework.test.context.support.DirtiesContextTestExecutionListener@71984c3, org.springframework.test.context.transaction.TransactionalTestExecutionListener@165b2f7f, org.springframework.test.context.jdbc.SqlScriptsTestExecutionListener@5536379e, org.springframework.test.context.event.EventPublishingTestExecutionListener@277f7dd3, org.springframework.boot.test.mock.mockito.ResetMocksTestExecutionListener@6c8bca63, org.springframework.boot.test.autoconfigure.restdocs.RestDocsTestExecutionListener@2364305a, org.springframework.boot.test.autoconfigure.web.client.MockRestServiceServerResetTestExecutionListener@470a696f, org.springframework.boot.test.autoconfigure.web.servlet.MockMvcPrintOnlyOnFailureTestExecutionListener@1bc715b8, org.springframework.boot.test.autoconfigure.web.servlet.WebDriverTestExecutionListener@292d1c71, org.springframework.boot.test.autoconfigure.webservices.client.MockWebServiceServerTestExecutionListener@2b491fee]
2021-10-15 13:58:53  [ main:1383 ] - [ INFO ]  Starting LolServiceImplTest using Java 1.8.0_131 on DESKTOP-C8EM5CU with PID 10048 (started by 18055 in C:\Users\18055\Desktop\springboot-study\base-boot)
2021-10-15 13:58:53  [ main:1388 ] - [ INFO ]  No active profile set, falling back to default profiles: default
2021-10-15 13:58:55  [ main:3238 ] - [ INFO ]  Multiple Spring Data modules found, entering strict repository configuration mode!
2021-10-15 13:58:55  [ main:3242 ] - [ INFO ]  Bootstrapping Spring Data JPA repositories in DEFAULT mode.
2021-10-15 13:58:56  [ main:3512 ] - [ INFO ]  Finished Spring Data repository scanning in 257 ms. Found 2 JPA repository interfaces.
2021-10-15 13:58:56  [ main:3535 ] - [ INFO ]  Multiple Spring Data modules found, entering strict repository configuration mode!
2021-10-15 13:58:56  [ main:3537 ] - [ INFO ]  Bootstrapping Spring Data Redis repositories in DEFAULT mode.
2021-10-15 13:58:56  [ main:3572 ] - [ INFO ]  Spring Data Redis - Could not safely identify store assignment for repository candidate interface com.sq.base.dao.JobDAO. If you want this repository to be a Redis repository, consider annotating your entities with one of these annotations: org.springframework.data.redis.core.RedisHash (preferred), or consider extending one of the following types with your repository: org.springframework.data.keyvalue.repository.KeyValueRepository.
2021-10-15 13:58:56  [ main:3573 ] - [ INFO ]  Spring Data Redis - Could not safely identify store assignment for repository candidate interface com.sq.base.dao.UserDao. If you want this repository to be a Redis repository, consider annotating your entities with one of these annotations: org.springframework.data.redis.core.RedisHash (preferred), or consider extending one of the following types with your repository: org.springframework.data.keyvalue.repository.KeyValueRepository.
2021-10-15 13:58:56  [ main:3574 ] - [ INFO ]  Finished Spring Data repository scanning in 23 ms. Found 0 Redis repository interfaces.
2021-10-15 13:58:57  [ main:4594 ] - [ INFO ]  Bean 'redisConfiguration' of type [com.sq.base.config.redis.RedisConfiguration$$EnhancerBySpringCGLIB$$4bf1727c] is not eligible for getting processed by all BeanPostProcessors (for example: not eligible for auto-proxying)
2021-10-15 13:58:58  [ main:6318 ] - [ INFO ]  HikariPool-1 - Starting...
2021-10-15 13:58:59  [ main:6882 ] - [ INFO ]  HikariPool-1 - Start completed.
2021-10-15 13:59:00  [ main:8017 ] - [ INFO ]  Initialized JPA EntityManagerFactory for persistence unit 'default'
2021-10-15 13:59:02  [ main:9462 ] - [ INFO ]  Using default implementation for ThreadExecutor
2021-10-15 13:59:02  [ main:9470 ] - [ INFO ]  Job execution threads will use class loader of thread: main
2021-10-15 13:59:02  [ main:9496 ] - [ INFO ]  Initialized Scheduler Signaller of type: class org.quartz.core.SchedulerSignalerImpl
2021-10-15 13:59:02  [ main:9497 ] - [ INFO ]  Quartz Scheduler v.2.3.2 created.
2021-10-15 13:59:02  [ main:9500 ] - [ INFO ]  RAMJobStore initialized.
2021-10-15 13:59:02  [ main:9502 ] - [ INFO ]  Scheduler meta-data: Quartz Scheduler (v2.3.2) 'DefaultQuartzScheduler' with instanceId 'NON_CLUSTERED'
  Scheduler class: 'org.quartz.core.QuartzScheduler' - running locally.
  NOT STARTED.
  Currently in standby mode.
  Number of jobs executed: 0
  Using thread pool 'org.quartz.simpl.SimpleThreadPool' - with 10 threads.
  Using job-store 'org.quartz.simpl.RAMJobStore' - which does not support persistence. and is not clustered.

2021-10-15 13:59:02  [ main:9503 ] - [ INFO ]  Quartz scheduler 'DefaultQuartzScheduler' initialized from default resource file in Quartz package: 'quartz.properties'
2021-10-15 13:59:02  [ main:9504 ] - [ INFO ]  Quartz scheduler version: 2.3.2
2021-10-15 13:59:02  [ main:9665 ] - [ WARN ]  spring.jpa.open-in-view is enabled by default. Therefore, database queries may be performed during view rendering. Explicitly configure spring.jpa.open-in-view to disable this warning
2021-10-15 13:59:05  [ main:13414 ] - [ INFO ]  Will secure Ant [pattern='/repeat/*'] with []
2021-10-15 13:59:06  [ main:13671 ] - [ INFO ]  Mapped URL path [/v2/api-docs] onto method [springfox.documentation.swagger2.web.Swagger2Controller#getDocumentation(String, HttpServletRequest)]
2021-10-15 13:59:06  [ main:14185 ] - [ INFO ]  Will secure any request with [org.springframework.security.web.context.request.async.WebAsyncManagerIntegrationFilter@3a649f9a, org.springframework.security.web.context.SecurityContextPersistenceFilter@7c2d4398, org.springframework.security.web.header.HeaderWriterFilter@6bc45472, org.springframework.web.filter.CorsFilter@419ac0f5, org.springframework.security.web.authentication.logout.LogoutFilter@557fe039, com.sq.base.config.security.JwtAuthenticationFilter@628fa8ea, org.springframework.security.web.authentication.UsernamePasswordAuthenticationFilter@57e6f449, org.springframework.security.web.savedrequest.RequestCacheAwareFilter@7280785f, org.springframework.security.web.servletapi.SecurityContextHolderAwareRequestFilter@276ac94c, org.springframework.security.web.authentication.AnonymousAuthenticationFilter@2ab4c4e, org.springframework.security.web.session.SessionManagementFilter@7c27ed2f, org.springframework.security.web.access.ExceptionTranslationFilter@16cc5e51, org.springframework.security.web.access.intercept.FilterSecurityInterceptor@5118c7fb]
2021-10-15 13:59:08  [ main:15615 ] - [ INFO ]  Using default implementation for ThreadExecutor
2021-10-15 13:59:08  [ main:15617 ] - [ INFO ]  Initialized Scheduler Signaller of type: class org.quartz.core.SchedulerSignalerImpl
2021-10-15 13:59:08  [ main:15618 ] - [ INFO ]  Quartz Scheduler v.2.3.2 created.
2021-10-15 13:59:08  [ main:15618 ] - [ INFO ]  RAMJobStore initialized.
2021-10-15 13:59:08  [ main:15618 ] - [ INFO ]  Scheduler meta-data: Quartz Scheduler (v2.3.2) 'quartzScheduler' with instanceId 'NON_CLUSTERED'
  Scheduler class: 'org.quartz.core.QuartzScheduler' - running locally.
  NOT STARTED.
  Currently in standby mode.
  Number of jobs executed: 0
  Using thread pool 'org.quartz.simpl.SimpleThreadPool' - with 10 threads.
  Using job-store 'org.quartz.simpl.RAMJobStore' - which does not support persistence. and is not clustered.

2021-10-15 13:59:08  [ main:15619 ] - [ INFO ]  Quartz scheduler 'quartzScheduler' initialized from an externally provided properties instance.
2021-10-15 13:59:08  [ main:15620 ] - [ INFO ]  Quartz scheduler version: 2.3.2
2021-10-15 13:59:08  [ main:15620 ] - [ INFO ]  JobFactory set to: org.springframework.scheduling.quartz.SpringBeanJobFactory@25dc8147
2021-10-15 13:59:08  [ main:15765 ] - [ INFO ]  Context refreshed
2021-10-15 13:59:08  [ main:15848 ] - [ INFO ]  Found 1 custom documentation plugin(s)
2021-10-15 13:59:08  [ main:15949 ] - [ INFO ]  Scanning for api listing references
2021-10-15 13:59:08  [ main:16329 ] - [ INFO ]  Starting Quartz Scheduler now
2021-10-15 13:59:08  [ main:16330 ] - [ INFO ]  Scheduler quartzScheduler_$_NON_CLUSTERED started.
2021-10-15 13:59:08  [ main:16341 ] - [ INFO ]  任务已经启动......
2021-10-15 13:59:08  [ main:16349 ] - [ INFO ]  Started LolServiceImplTest in 15.606 seconds (JVM running for 18.142)
2021-10-15 13:59:10  [ main:17753 ] - [ WARN ]  request [PUT http://www.nuomi.cloud:9200/lol/_doc/1?timeout=1m] returned 1 warnings: [299 Elasticsearch-7.15.0-79d65f6e357953a5b3cbcc5e2c7c21073d89aa29 "Elasticsearch built-in security features are not enabled. Without authentication, your cluster could be accessible to anyone. See https://www.elastic.co/guide/en/elasticsearch/reference/7.15/security-minimal-setup.html to enable security."]
2021-10-15 13:59:10  [ main:17830 ] - [ WARN ]  request [PUT http://www.nuomi.cloud:9200/lol/_doc/2?timeout=1m] returned 1 warnings: [299 Elasticsearch-7.15.0-79d65f6e357953a5b3cbcc5e2c7c21073d89aa29 "Elasticsearch built-in security features are not enabled. Without authentication, your cluster could be accessible to anyone. See https://www.elastic.co/guide/en/elasticsearch/reference/7.15/security-minimal-setup.html to enable security."]
2021-10-15 13:59:10  [ main:17865 ] - [ WARN ]  request [PUT http://www.nuomi.cloud:9200/lol/_doc/3?timeout=1m] returned 1 warnings: [299 Elasticsearch-7.15.0-79d65f6e357953a5b3cbcc5e2c7c21073d89aa29 "Elasticsearch built-in security features are not enabled. Without authentication, your cluster could be accessible to anyone. See https://www.elastic.co/guide/en/elasticsearch/reference/7.15/security-minimal-setup.html to enable security."]
2021-10-15 13:59:10  [ main:17896 ] - [ WARN ]  request [PUT http://www.nuomi.cloud:9200/lol/_doc/4?timeout=1m] returned 1 warnings: [299 Elasticsearch-7.15.0-79d65f6e357953a5b3cbcc5e2c7c21073d89aa29 "Elasticsearch built-in security features are not enabled. Without authentication, your cluster could be accessible to anyone. See https://www.elastic.co/guide/en/elasticsearch/reference/7.15/security-minimal-setup.html to enable security."]
2021-10-15 13:59:10  [ main:17941 ] - [ WARN ]  request [PUT http://www.nuomi.cloud:9200/lol/_doc/5?timeout=1m] returned 1 warnings: [299 Elasticsearch-7.15.0-79d65f6e357953a5b3cbcc5e2c7c21073d89aa29 "Elasticsearch built-in security features are not enabled. Without authentication, your cluster could be accessible to anyone. See https://www.elastic.co/guide/en/elasticsearch/reference/7.15/security-minimal-setup.html to enable security."]
2021-10-15 13:59:10  [ main:17987 ] - [ WARN ]  request [PUT http://www.nuomi.cloud:9200/lol/_doc/6?timeout=1m] returned 1 warnings: [299 Elasticsearch-7.15.0-79d65f6e357953a5b3cbcc5e2c7c21073d89aa29 "Elasticsearch built-in security features are not enabled. Without authentication, your cluster could be accessible to anyone. See https://www.elastic.co/guide/en/elasticsearch/reference/7.15/security-minimal-setup.html to enable security."]
2021-10-15 13:59:10  [ main:18023 ] - [ WARN ]  request [PUT http://www.nuomi.cloud:9200/lol/_doc/7?timeout=1m] returned 1 warnings: [299 Elasticsearch-7.15.0-79d65f6e357953a5b3cbcc5e2c7c21073d89aa29 "Elasticsearch built-in security features are not enabled. Without authentication, your cluster could be accessible to anyone. See https://www.elastic.co/guide/en/elasticsearch/reference/7.15/security-minimal-setup.html to enable security."]
2021-10-15 13:59:10  [ SpringApplicationShutdownHook:18051 ] - [ INFO ]  Scheduler quartzScheduler_$_NON_CLUSTERED paused.
2021-10-15 13:59:10  [ SpringApplicationShutdownHook:18053 ] - [ INFO ]  Shutting down Quartz Scheduler
2021-10-15 13:59:10  [ SpringApplicationShutdownHook:18053 ] - [ INFO ]  Scheduler quartzScheduler_$_NON_CLUSTERED shutting down.
2021-10-15 13:59:10  [ SpringApplicationShutdownHook:18054 ] - [ INFO ]  Scheduler quartzScheduler_$_NON_CLUSTERED paused.
2021-10-15 13:59:10  [ SpringApplicationShutdownHook:18054 ] - [ INFO ]  Scheduler quartzScheduler_$_NON_CLUSTERED shutdown complete.
2021-10-15 13:59:10  [ SpringApplicationShutdownHook:18065 ] - [ INFO ]  Scheduler DefaultQuartzScheduler_$_NON_CLUSTERED shutting down.
2021-10-15 13:59:10  [ SpringApplicationShutdownHook:18066 ] - [ INFO ]  Scheduler DefaultQuartzScheduler_$_NON_CLUSTERED paused.
2021-10-15 13:59:10  [ SpringApplicationShutdownHook:18067 ] - [ INFO ]  Scheduler DefaultQuartzScheduler_$_NON_CLUSTERED shutdown complete.
2021-10-15 13:59:10  [ SpringApplicationShutdownHook:18100 ] - [ INFO ]  Closing JPA EntityManagerFactory for persistence unit 'default'
2021-10-15 13:59:10  [ SpringApplicationShutdownHook:18105 ] - [ INFO ]  HikariPool-1 - Shutdown initiated...
2021-10-15 13:59:10  [ SpringApplicationShutdownHook:18223 ] - [ INFO ]  HikariPool-1 - Shutdown completed.
2021-10-15 14:00:10  [ main:0 ] - [ INFO ]  Neither @ContextConfiguration nor @ContextHierarchy found for test class [com.sq.base.service.impl.LolServiceImplTest], using SpringBootContextLoader
2021-10-15 14:00:10  [ main:15 ] - [ INFO ]  Could not detect default resource locations for test class [com.sq.base.service.impl.LolServiceImplTest]: no resource found for suffixes {-context.xml, Context.groovy}.
2021-10-15 14:00:10  [ main:17 ] - [ INFO ]  Could not detect default configuration classes for test class [com.sq.base.service.impl.LolServiceImplTest]: LolServiceImplTest does not declare any static, non-private, non-final, nested classes annotated with @Configuration.
2021-10-15 14:00:11  [ main:327 ] - [ INFO ]  Found @SpringBootConfiguration com.sq.base.BaseBootApplication for test class com.sq.base.service.impl.LolServiceImplTest
2021-10-15 14:00:11  [ main:610 ] - [ INFO ]  Loaded default TestExecutionListener class names from location [META-INF/spring.factories]: [org.springframework.boot.test.mock.mockito.MockitoTestExecutionListener, org.springframework.boot.test.mock.mockito.ResetMocksTestExecutionListener, org.springframework.boot.test.autoconfigure.restdocs.RestDocsTestExecutionListener, org.springframework.boot.test.autoconfigure.web.client.MockRestServiceServerResetTestExecutionListener, org.springframework.boot.test.autoconfigure.web.servlet.MockMvcPrintOnlyOnFailureTestExecutionListener, org.springframework.boot.test.autoconfigure.web.servlet.WebDriverTestExecutionListener, org.springframework.boot.test.autoconfigure.webservices.client.MockWebServiceServerTestExecutionListener, org.springframework.test.context.web.ServletTestExecutionListener, org.springframework.test.context.support.DirtiesContextBeforeModesTestExecutionListener, org.springframework.test.context.event.ApplicationEventsTestExecutionListener, org.springframework.test.context.support.DependencyInjectionTestExecutionListener, org.springframework.test.context.support.DirtiesContextTestExecutionListener, org.springframework.test.context.transaction.TransactionalTestExecutionListener, org.springframework.test.context.jdbc.SqlScriptsTestExecutionListener, org.springframework.test.context.event.EventPublishingTestExecutionListener]
2021-10-15 14:00:11  [ main:655 ] - [ INFO ]  Using TestExecutionListeners: [org.springframework.test.context.web.ServletTestExecutionListener@7d3430a7, org.springframework.test.context.support.DirtiesContextBeforeModesTestExecutionListener@6f603e89, org.springframework.test.context.event.ApplicationEventsTestExecutionListener@2756c0a7, org.springframework.boot.test.mock.mockito.MockitoTestExecutionListener@350ec41e, org.springframework.boot.test.autoconfigure.SpringBootDependencyInjectionTestExecutionListener@69637b10, org.springframework.test.context.support.DirtiesContextTestExecutionListener@71984c3, org.springframework.test.context.transaction.TransactionalTestExecutionListener@165b2f7f, org.springframework.test.context.jdbc.SqlScriptsTestExecutionListener@5536379e, org.springframework.test.context.event.EventPublishingTestExecutionListener@277f7dd3, org.springframework.boot.test.mock.mockito.ResetMocksTestExecutionListener@6c8bca63, org.springframework.boot.test.autoconfigure.restdocs.RestDocsTestExecutionListener@2364305a, org.springframework.boot.test.autoconfigure.web.client.MockRestServiceServerResetTestExecutionListener@470a696f, org.springframework.boot.test.autoconfigure.web.servlet.MockMvcPrintOnlyOnFailureTestExecutionListener@1bc715b8, org.springframework.boot.test.autoconfigure.web.servlet.WebDriverTestExecutionListener@292d1c71, org.springframework.boot.test.autoconfigure.webservices.client.MockWebServiceServerTestExecutionListener@2b491fee]
2021-10-15 14:00:12  [ main:1310 ] - [ INFO ]  Starting LolServiceImplTest using Java 1.8.0_131 on DESKTOP-C8EM5CU with PID 5472 (started by 18055 in C:\Users\18055\Desktop\springboot-study\base-boot)
2021-10-15 14:00:12  [ main:1313 ] - [ INFO ]  No active profile set, falling back to default profiles: default
2021-10-15 14:00:13  [ main:3049 ] - [ INFO ]  Multiple Spring Data modules found, entering strict repository configuration mode!
2021-10-15 14:00:13  [ main:3055 ] - [ INFO ]  Bootstrapping Spring Data JPA repositories in DEFAULT mode.
2021-10-15 14:00:14  [ main:3394 ] - [ INFO ]  Finished Spring Data repository scanning in 323 ms. Found 2 JPA repository interfaces.
2021-10-15 14:00:14  [ main:3426 ] - [ INFO ]  Multiple Spring Data modules found, entering strict repository configuration mode!
2021-10-15 14:00:14  [ main:3428 ] - [ INFO ]  Bootstrapping Spring Data Redis repositories in DEFAULT mode.
2021-10-15 14:00:14  [ main:3475 ] - [ INFO ]  Spring Data Redis - Could not safely identify store assignment for repository candidate interface com.sq.base.dao.JobDAO. If you want this repository to be a Redis repository, consider annotating your entities with one of these annotations: org.springframework.data.redis.core.RedisHash (preferred), or consider extending one of the following types with your repository: org.springframework.data.keyvalue.repository.KeyValueRepository.
2021-10-15 14:00:14  [ main:3476 ] - [ INFO ]  Spring Data Redis - Could not safely identify store assignment for repository candidate interface com.sq.base.dao.UserDao. If you want this repository to be a Redis repository, consider annotating your entities with one of these annotations: org.springframework.data.redis.core.RedisHash (preferred), or consider extending one of the following types with your repository: org.springframework.data.keyvalue.repository.KeyValueRepository.
2021-10-15 14:00:14  [ main:3478 ] - [ INFO ]  Finished Spring Data repository scanning in 28 ms. Found 0 Redis repository interfaces.
2021-10-15 14:00:15  [ main:4478 ] - [ INFO ]  Bean 'redisConfiguration' of type [com.sq.base.config.redis.RedisConfiguration$$EnhancerBySpringCGLIB$$5f3212cd] is not eligible for getting processed by all BeanPostProcessors (for example: not eligible for auto-proxying)
2021-10-15 14:00:16  [ main:5957 ] - [ INFO ]  HikariPool-1 - Starting...
2021-10-15 14:00:17  [ main:6530 ] - [ INFO ]  HikariPool-1 - Start completed.
2021-10-15 14:00:18  [ main:7632 ] - [ INFO ]  Initialized JPA EntityManagerFactory for persistence unit 'default'
2021-10-15 14:00:19  [ main:8844 ] - [ INFO ]  Using default implementation for ThreadExecutor
2021-10-15 14:00:19  [ main:8851 ] - [ INFO ]  Job execution threads will use class loader of thread: main
2021-10-15 14:00:19  [ main:8879 ] - [ INFO ]  Initialized Scheduler Signaller of type: class org.quartz.core.SchedulerSignalerImpl
2021-10-15 14:00:19  [ main:8880 ] - [ INFO ]  Quartz Scheduler v.2.3.2 created.
2021-10-15 14:00:19  [ main:8882 ] - [ INFO ]  RAMJobStore initialized.
2021-10-15 14:00:19  [ main:8885 ] - [ INFO ]  Scheduler meta-data: Quartz Scheduler (v2.3.2) 'DefaultQuartzScheduler' with instanceId 'NON_CLUSTERED'
  Scheduler class: 'org.quartz.core.QuartzScheduler' - running locally.
  NOT STARTED.
  Currently in standby mode.
  Number of jobs executed: 0
  Using thread pool 'org.quartz.simpl.SimpleThreadPool' - with 10 threads.
  Using job-store 'org.quartz.simpl.RAMJobStore' - which does not support persistence. and is not clustered.

2021-10-15 14:00:19  [ main:8886 ] - [ INFO ]  Quartz scheduler 'DefaultQuartzScheduler' initialized from default resource file in Quartz package: 'quartz.properties'
2021-10-15 14:00:19  [ main:8887 ] - [ INFO ]  Quartz scheduler version: 2.3.2
2021-10-15 14:00:19  [ main:9086 ] - [ WARN ]  spring.jpa.open-in-view is enabled by default. Therefore, database queries may be performed during view rendering. Explicitly configure spring.jpa.open-in-view to disable this warning
2021-10-15 14:00:23  [ main:12498 ] - [ INFO ]  Will secure Ant [pattern='/repeat/*'] with []
2021-10-15 14:00:23  [ main:12765 ] - [ INFO ]  Mapped URL path [/v2/api-docs] onto method [springfox.documentation.swagger2.web.Swagger2Controller#getDocumentation(String, HttpServletRequest)]
2021-10-15 14:00:23  [ main:13257 ] - [ INFO ]  Will secure any request with [org.springframework.security.web.context.request.async.WebAsyncManagerIntegrationFilter@5536542e, org.springframework.security.web.context.SecurityContextPersistenceFilter@56554e7, org.springframework.security.web.header.HeaderWriterFilter@792a9cb1, org.springframework.web.filter.CorsFilter@77a27356, org.springframework.security.web.authentication.logout.LogoutFilter@7a273fd7, com.sq.base.config.security.JwtAuthenticationFilter@73c21b13, org.springframework.security.web.authentication.UsernamePasswordAuthenticationFilter@4f7b4953, org.springframework.security.web.savedrequest.RequestCacheAwareFilter@305230ea, org.springframework.security.web.servletapi.SecurityContextHolderAwareRequestFilter@62065d12, org.springframework.security.web.authentication.AnonymousAuthenticationFilter@66e6e5e9, org.springframework.security.web.session.SessionManagementFilter@550ce3a9, org.springframework.security.web.access.ExceptionTranslationFilter@125447a0, org.springframework.security.web.access.intercept.FilterSecurityInterceptor@15d04c41]
2021-10-15 14:00:25  [ main:14531 ] - [ INFO ]  Using default implementation for ThreadExecutor
2021-10-15 14:00:25  [ main:14534 ] - [ INFO ]  Initialized Scheduler Signaller of type: class org.quartz.core.SchedulerSignalerImpl
2021-10-15 14:00:25  [ main:14534 ] - [ INFO ]  Quartz Scheduler v.2.3.2 created.
2021-10-15 14:00:25  [ main:14535 ] - [ INFO ]  RAMJobStore initialized.
2021-10-15 14:00:25  [ main:14536 ] - [ INFO ]  Scheduler meta-data: Quartz Scheduler (v2.3.2) 'quartzScheduler' with instanceId 'NON_CLUSTERED'
  Scheduler class: 'org.quartz.core.QuartzScheduler' - running locally.
  NOT STARTED.
  Currently in standby mode.
  Number of jobs executed: 0
  Using thread pool 'org.quartz.simpl.SimpleThreadPool' - with 10 threads.
  Using job-store 'org.quartz.simpl.RAMJobStore' - which does not support persistence. and is not clustered.

2021-10-15 14:00:25  [ main:14536 ] - [ INFO ]  Quartz scheduler 'quartzScheduler' initialized from an externally provided properties instance.
2021-10-15 14:00:25  [ main:14537 ] - [ INFO ]  Quartz scheduler version: 2.3.2
2021-10-15 14:00:25  [ main:14537 ] - [ INFO ]  JobFactory set to: org.springframework.scheduling.quartz.SpringBeanJobFactory@58182d7
2021-10-15 14:00:25  [ main:14666 ] - [ INFO ]  Context refreshed
2021-10-15 14:00:25  [ main:14721 ] - [ INFO ]  Found 1 custom documentation plugin(s)
2021-10-15 14:00:25  [ main:14800 ] - [ INFO ]  Scanning for api listing references
2021-10-15 14:00:25  [ main:15145 ] - [ INFO ]  Starting Quartz Scheduler now
2021-10-15 14:00:25  [ main:15146 ] - [ INFO ]  Scheduler quartzScheduler_$_NON_CLUSTERED started.
2021-10-15 14:00:25  [ main:15156 ] - [ INFO ]  任务已经启动......
2021-10-15 14:00:25  [ main:15162 ] - [ INFO ]  Started LolServiceImplTest in 14.41 seconds (JVM running for 16.807)
2021-10-15 14:00:26  [ main:16065 ] - [ WARN ]  request [POST http://www.nuomi.cloud:9200/lol/_update/6?timeout=1m] returned 1 warnings: [299 Elasticsearch-7.15.0-79d65f6e357953a5b3cbcc5e2c7c21073d89aa29 "Elasticsearch built-in security features are not enabled. Without authentication, your cluster could be accessible to anyone. See https://www.elastic.co/guide/en/elasticsearch/reference/7.15/security-minimal-setup.html to enable security."]
2021-10-15 14:00:26  [ SpringApplicationShutdownHook:16100 ] - [ INFO ]  Scheduler quartzScheduler_$_NON_CLUSTERED paused.
2021-10-15 14:00:26  [ SpringApplicationShutdownHook:16102 ] - [ INFO ]  Shutting down Quartz Scheduler
2021-10-15 14:00:26  [ SpringApplicationShutdownHook:16102 ] - [ INFO ]  Scheduler quartzScheduler_$_NON_CLUSTERED shutting down.
2021-10-15 14:00:26  [ SpringApplicationShutdownHook:16102 ] - [ INFO ]  Scheduler quartzScheduler_$_NON_CLUSTERED paused.
2021-10-15 14:00:26  [ SpringApplicationShutdownHook:16235 ] - [ INFO ]  Scheduler quartzScheduler_$_NON_CLUSTERED shutdown complete.
2021-10-15 14:00:26  [ SpringApplicationShutdownHook:16246 ] - [ INFO ]  Scheduler DefaultQuartzScheduler_$_NON_CLUSTERED shutting down.
2021-10-15 14:00:26  [ SpringApplicationShutdownHook:16246 ] - [ INFO ]  Scheduler DefaultQuartzScheduler_$_NON_CLUSTERED paused.
2021-10-15 14:00:26  [ SpringApplicationShutdownHook:16260 ] - [ INFO ]  Scheduler DefaultQuartzScheduler_$_NON_CLUSTERED shutdown complete.
2021-10-15 14:00:27  [ SpringApplicationShutdownHook:16290 ] - [ INFO ]  Closing JPA EntityManagerFactory for persistence unit 'default'
2021-10-15 14:00:27  [ SpringApplicationShutdownHook:16295 ] - [ INFO ]  HikariPool-1 - Shutdown initiated...
2021-10-15 14:00:27  [ SpringApplicationShutdownHook:16310 ] - [ INFO ]  HikariPool-1 - Shutdown completed.
2021-10-15 14:00:45  [ main:0 ] - [ INFO ]  Neither @ContextConfiguration nor @ContextHierarchy found for test class [com.sq.base.service.impl.LolServiceImplTest], using SpringBootContextLoader
2021-10-15 14:00:45  [ main:14 ] - [ INFO ]  Could not detect default resource locations for test class [com.sq.base.service.impl.LolServiceImplTest]: no resource found for suffixes {-context.xml, Context.groovy}.
2021-10-15 14:00:45  [ main:15 ] - [ INFO ]  Could not detect default configuration classes for test class [com.sq.base.service.impl.LolServiceImplTest]: LolServiceImplTest does not declare any static, non-private, non-final, nested classes annotated with @Configuration.
2021-10-15 14:00:45  [ main:296 ] - [ INFO ]  Found @SpringBootConfiguration com.sq.base.BaseBootApplication for test class com.sq.base.service.impl.LolServiceImplTest
2021-10-15 14:00:46  [ main:615 ] - [ INFO ]  Loaded default TestExecutionListener class names from location [META-INF/spring.factories]: [org.springframework.boot.test.mock.mockito.MockitoTestExecutionListener, org.springframework.boot.test.mock.mockito.ResetMocksTestExecutionListener, org.springframework.boot.test.autoconfigure.restdocs.RestDocsTestExecutionListener, org.springframework.boot.test.autoconfigure.web.client.MockRestServiceServerResetTestExecutionListener, org.springframework.boot.test.autoconfigure.web.servlet.MockMvcPrintOnlyOnFailureTestExecutionListener, org.springframework.boot.test.autoconfigure.web.servlet.WebDriverTestExecutionListener, org.springframework.boot.test.autoconfigure.webservices.client.MockWebServiceServerTestExecutionListener, org.springframework.test.context.web.ServletTestExecutionListener, org.springframework.test.context.support.DirtiesContextBeforeModesTestExecutionListener, org.springframework.test.context.event.ApplicationEventsTestExecutionListener, org.springframework.test.context.support.DependencyInjectionTestExecutionListener, org.springframework.test.context.support.DirtiesContextTestExecutionListener, org.springframework.test.context.transaction.TransactionalTestExecutionListener, org.springframework.test.context.jdbc.SqlScriptsTestExecutionListener, org.springframework.test.context.event.EventPublishingTestExecutionListener]
2021-10-15 14:00:46  [ main:668 ] - [ INFO ]  Using TestExecutionListeners: [org.springframework.test.context.web.ServletTestExecutionListener@7d3430a7, org.springframework.test.context.support.DirtiesContextBeforeModesTestExecutionListener@6f603e89, org.springframework.test.context.event.ApplicationEventsTestExecutionListener@2756c0a7, org.springframework.boot.test.mock.mockito.MockitoTestExecutionListener@350ec41e, org.springframework.boot.test.autoconfigure.SpringBootDependencyInjectionTestExecutionListener@69637b10, org.springframework.test.context.support.DirtiesContextTestExecutionListener@71984c3, org.springframework.test.context.transaction.TransactionalTestExecutionListener@165b2f7f, org.springframework.test.context.jdbc.SqlScriptsTestExecutionListener@5536379e, org.springframework.test.context.event.EventPublishingTestExecutionListener@277f7dd3, org.springframework.boot.test.mock.mockito.ResetMocksTestExecutionListener@6c8bca63, org.springframework.boot.test.autoconfigure.restdocs.RestDocsTestExecutionListener@2364305a, org.springframework.boot.test.autoconfigure.web.client.MockRestServiceServerResetTestExecutionListener@470a696f, org.springframework.boot.test.autoconfigure.web.servlet.MockMvcPrintOnlyOnFailureTestExecutionListener@1bc715b8, org.springframework.boot.test.autoconfigure.web.servlet.WebDriverTestExecutionListener@292d1c71, org.springframework.boot.test.autoconfigure.webservices.client.MockWebServiceServerTestExecutionListener@2b491fee]
2021-10-15 14:00:46  [ main:1539 ] - [ INFO ]  Starting LolServiceImplTest using Java 1.8.0_131 on DESKTOP-C8EM5CU with PID 11848 (started by 18055 in C:\Users\18055\Desktop\springboot-study\base-boot)
2021-10-15 14:00:46  [ main:1544 ] - [ INFO ]  No active profile set, falling back to default profiles: default
2021-10-15 14:00:48  [ main:3336 ] - [ INFO ]  Multiple Spring Data modules found, entering strict repository configuration mode!
2021-10-15 14:00:48  [ main:3341 ] - [ INFO ]  Bootstrapping Spring Data JPA repositories in DEFAULT mode.
2021-10-15 14:00:49  [ main:3644 ] - [ INFO ]  Finished Spring Data repository scanning in 288 ms. Found 2 JPA repository interfaces.
2021-10-15 14:00:49  [ main:3667 ] - [ INFO ]  Multiple Spring Data modules found, entering strict repository configuration mode!
2021-10-15 14:00:49  [ main:3669 ] - [ INFO ]  Bootstrapping Spring Data Redis repositories in DEFAULT mode.
2021-10-15 14:00:49  [ main:3709 ] - [ INFO ]  Spring Data Redis - Could not safely identify store assignment for repository candidate interface com.sq.base.dao.JobDAO. If you want this repository to be a Redis repository, consider annotating your entities with one of these annotations: org.springframework.data.redis.core.RedisHash (preferred), or consider extending one of the following types with your repository: org.springframework.data.keyvalue.repository.KeyValueRepository.
2021-10-15 14:00:49  [ main:3710 ] - [ INFO ]  Spring Data Redis - Could not safely identify store assignment for repository candidate interface com.sq.base.dao.UserDao. If you want this repository to be a Redis repository, consider annotating your entities with one of these annotations: org.springframework.data.redis.core.RedisHash (preferred), or consider extending one of the following types with your repository: org.springframework.data.keyvalue.repository.KeyValueRepository.
2021-10-15 14:00:49  [ main:3711 ] - [ INFO ]  Finished Spring Data repository scanning in 29 ms. Found 0 Redis repository interfaces.
2021-10-15 14:00:50  [ main:4692 ] - [ INFO ]  Bean 'redisConfiguration' of type [com.sq.base.config.redis.RedisConfiguration$$EnhancerBySpringCGLIB$$db1072f9] is not eligible for getting processed by all BeanPostProcessors (for example: not eligible for auto-proxying)
2021-10-15 14:00:51  [ main:6248 ] - [ INFO ]  HikariPool-1 - Starting...
2021-10-15 14:00:52  [ main:6773 ] - [ INFO ]  HikariPool-1 - Start completed.
2021-10-15 14:00:53  [ main:7818 ] - [ INFO ]  Initialized JPA EntityManagerFactory for persistence unit 'default'
2021-10-15 14:00:54  [ main:8973 ] - [ INFO ]  Using default implementation for ThreadExecutor
2021-10-15 14:00:54  [ main:8979 ] - [ INFO ]  Job execution threads will use class loader of thread: main
2021-10-15 14:00:54  [ main:9005 ] - [ INFO ]  Initialized Scheduler Signaller of type: class org.quartz.core.SchedulerSignalerImpl
2021-10-15 14:00:54  [ main:9006 ] - [ INFO ]  Quartz Scheduler v.2.3.2 created.
2021-10-15 14:00:54  [ main:9008 ] - [ INFO ]  RAMJobStore initialized.
2021-10-15 14:00:54  [ main:9010 ] - [ INFO ]  Scheduler meta-data: Quartz Scheduler (v2.3.2) 'DefaultQuartzScheduler' with instanceId 'NON_CLUSTERED'
  Scheduler class: 'org.quartz.core.QuartzScheduler' - running locally.
  NOT STARTED.
  Currently in standby mode.
  Number of jobs executed: 0
  Using thread pool 'org.quartz.simpl.SimpleThreadPool' - with 10 threads.
  Using job-store 'org.quartz.simpl.RAMJobStore' - which does not support persistence. and is not clustered.

2021-10-15 14:00:54  [ main:9011 ] - [ INFO ]  Quartz scheduler 'DefaultQuartzScheduler' initialized from default resource file in Quartz package: 'quartz.properties'
2021-10-15 14:00:54  [ main:9012 ] - [ INFO ]  Quartz scheduler version: 2.3.2
2021-10-15 14:00:54  [ main:9227 ] - [ WARN ]  spring.jpa.open-in-view is enabled by default. Therefore, database queries may be performed during view rendering. Explicitly configure spring.jpa.open-in-view to disable this warning
2021-10-15 14:00:57  [ main:12462 ] - [ INFO ]  Will secure Ant [pattern='/repeat/*'] with []
2021-10-15 14:00:58  [ main:12722 ] - [ INFO ]  Mapped URL path [/v2/api-docs] onto method [springfox.documentation.swagger2.web.Swagger2Controller#getDocumentation(String, HttpServletRequest)]
2021-10-15 14:00:58  [ main:13202 ] - [ INFO ]  Will secure any request with [org.springframework.security.web.context.request.async.WebAsyncManagerIntegrationFilter@4c2057c6, org.springframework.security.web.context.SecurityContextPersistenceFilter@2c914aa3, org.springframework.security.web.header.HeaderWriterFilter@7a273fd7, org.springframework.web.filter.CorsFilter@7abc838a, org.springframework.security.web.authentication.logout.LogoutFilter@3503e68e, com.sq.base.config.security.JwtAuthenticationFilter@2ee91bdf, org.springframework.security.web.authentication.UsernamePasswordAuthenticationFilter@dc72335, org.springframework.security.web.savedrequest.RequestCacheAwareFilter@38c840fb, org.springframework.security.web.servletapi.SecurityContextHolderAwareRequestFilter@27a717a7, org.springframework.security.web.authentication.AnonymousAuthenticationFilter@1a034bbc, org.springframework.security.web.session.SessionManagementFilter@3bf31f3e, org.springframework.security.web.access.ExceptionTranslationFilter@6fa98e98, org.springframework.security.web.access.intercept.FilterSecurityInterceptor@32b5b8f8]
2021-10-15 14:00:59  [ main:14480 ] - [ INFO ]  Using default implementation for ThreadExecutor
2021-10-15 14:00:59  [ main:14482 ] - [ INFO ]  Initialized Scheduler Signaller of type: class org.quartz.core.SchedulerSignalerImpl
2021-10-15 14:00:59  [ main:14483 ] - [ INFO ]  Quartz Scheduler v.2.3.2 created.
2021-10-15 14:00:59  [ main:14483 ] - [ INFO ]  RAMJobStore initialized.
2021-10-15 14:00:59  [ main:14484 ] - [ INFO ]  Scheduler meta-data: Quartz Scheduler (v2.3.2) 'quartzScheduler' with instanceId 'NON_CLUSTERED'
  Scheduler class: 'org.quartz.core.QuartzScheduler' - running locally.
  NOT STARTED.
  Currently in standby mode.
  Number of jobs executed: 0
  Using thread pool 'org.quartz.simpl.SimpleThreadPool' - with 10 threads.
  Using job-store 'org.quartz.simpl.RAMJobStore' - which does not support persistence. and is not clustered.

2021-10-15 14:00:59  [ main:14484 ] - [ INFO ]  Quartz scheduler 'quartzScheduler' initialized from an externally provided properties instance.
2021-10-15 14:00:59  [ main:14485 ] - [ INFO ]  Quartz scheduler version: 2.3.2
2021-10-15 14:00:59  [ main:14485 ] - [ INFO ]  JobFactory set to: org.springframework.scheduling.quartz.SpringBeanJobFactory@ce24a98
2021-10-15 14:01:00  [ main:14622 ] - [ INFO ]  Context refreshed
2021-10-15 14:01:00  [ main:14684 ] - [ INFO ]  Found 1 custom documentation plugin(s)
2021-10-15 14:01:00  [ main:14774 ] - [ INFO ]  Scanning for api listing references
2021-10-15 14:01:00  [ main:15113 ] - [ INFO ]  Starting Quartz Scheduler now
2021-10-15 14:01:00  [ main:15114 ] - [ INFO ]  Scheduler quartzScheduler_$_NON_CLUSTERED started.
2021-10-15 14:01:00  [ main:15125 ] - [ INFO ]  任务已经启动......
2021-10-15 14:01:00  [ main:15131 ] - [ INFO ]  Started LolServiceImplTest in 14.366 seconds (JVM running for 16.865)
2021-10-15 14:01:01  [ main:15645 ] - [ WARN ]  request [POST http://www.nuomi.cloud:9200/lol/_search?typed_keys=true&max_concurrent_shard_requests=5&ignore_unavailable=false&expand_wildcards=open&allow_no_indices=true&ignore_throttled=true&search_type=query_then_fetch&batched_reduce_size=512&ccs_minimize_roundtrips=true] returned 1 warnings: [299 Elasticsearch-7.15.0-79d65f6e357953a5b3cbcc5e2c7c21073d89aa29 "Elasticsearch built-in security features are not enabled. Without authentication, your cluster could be accessible to anyone. See https://www.elastic.co/guide/en/elasticsearch/reference/7.15/security-minimal-setup.html to enable security."]
2021-10-15 14:01:01  [ SpringApplicationShutdownHook:15784 ] - [ INFO ]  Scheduler quartzScheduler_$_NON_CLUSTERED paused.
2021-10-15 14:01:01  [ SpringApplicationShutdownHook:15785 ] - [ INFO ]  Shutting down Quartz Scheduler
2021-10-15 14:01:01  [ SpringApplicationShutdownHook:15786 ] - [ INFO ]  Scheduler quartzScheduler_$_NON_CLUSTERED shutting down.
2021-10-15 14:01:01  [ SpringApplicationShutdownHook:15786 ] - [ INFO ]  Scheduler quartzScheduler_$_NON_CLUSTERED paused.
2021-10-15 14:01:01  [ SpringApplicationShutdownHook:15787 ] - [ INFO ]  Scheduler quartzScheduler_$_NON_CLUSTERED shutdown complete.
2021-10-15 14:01:01  [ SpringApplicationShutdownHook:15797 ] - [ INFO ]  Scheduler DefaultQuartzScheduler_$_NON_CLUSTERED shutting down.
2021-10-15 14:01:01  [ SpringApplicationShutdownHook:15798 ] - [ INFO ]  Scheduler DefaultQuartzScheduler_$_NON_CLUSTERED paused.
2021-10-15 14:01:01  [ SpringApplicationShutdownHook:15798 ] - [ INFO ]  Scheduler DefaultQuartzScheduler_$_NON_CLUSTERED shutdown complete.
2021-10-15 14:01:01  [ SpringApplicationShutdownHook:15832 ] - [ INFO ]  Closing JPA EntityManagerFactory for persistence unit 'default'
2021-10-15 14:01:01  [ SpringApplicationShutdownHook:15836 ] - [ INFO ]  HikariPool-1 - Shutdown initiated...
2021-10-15 14:01:01  [ SpringApplicationShutdownHook:15853 ] - [ INFO ]  HikariPool-1 - Shutdown completed.
